Command line invocation:
    /Applications/Xcode.app/Contents/Developer/usr/bin/xcodebuild -project "Dialysis One App.xcodeproj" -scheme "DialysisOneWatch Watch App" -destination "generic/platform=watchOS Simulator" build

Resolve Package Graph


Resolved source packages:
  GoogleAppMeasurement: https://github.com/google/GoogleAppMeasurement.git @ 12.5.0
  Firebase: https://github.com/firebase/firebase-ios-sdk.git @ 12.5.0
  GoogleAdsOnDeviceConversion: https://github.com/googleads/google-ads-on-device-conversion-ios-sdk @ 3.2.0
  GoogleUtilities: https://github.com/google/GoogleUtilities.git @ 8.1.0
  swift-clocks: https://github.com/pointfreeco/swift-clocks @ 1.0.6
  nanopb: https://github.com/firebase/nanopb.git @ 2.30910.0
  AppCheck: https://github.com/google/app-check.git @ 11.2.0
  InteropForGoogle: https://github.com/google/interop-ios-for-google-sdks.git @ 101.0.0
  Supabase: https://github.com/supabase/supabase-swift @ 2.37.0
  xctest-dynamic-overlay: https://github.com/pointfreeco/xctest-dynamic-overlay @ 1.7.0
  swift-asn1: https://github.com/apple/swift-asn1.git @ 1.5.0
  swift-concurrency-extras: https://github.com/pointfreeco/swift-concurrency-extras @ 1.3.2
  SwiftProtobuf: https://github.com/apple/swift-protobuf.git @ 1.33.3
  leveldb: https://github.com/firebase/leveldb.git @ 1.22.5
  gRPC: https://github.com/google/grpc-binary.git @ 1.69.1
  swift-crypto: https://github.com/apple/swift-crypto.git @ 4.1.0
  GTMSessionFetcher: https://github.com/google/gtm-session-fetcher.git @ 5.0.0
  Promises: https://github.com/google/promises.git @ 2.4.0
  abseil: https://github.com/google/abseil-cpp-binary.git @ 1.2024072200.0
  GoogleDataTransport: https://github.com/google/GoogleDataTransport.git @ 10.1.0
  swift-http-types: https://github.com/apple/swift-http-types.git @ 1.5.1

ComputePackagePrebuildTargetDependencyGraph

Prepare packages

CreateBuildRequest

SendProjectDescription

CreateBuildOperation

ComputeTargetDependencyGraph
note: Building targets in dependency order
note: Target dependency graph (65 targets)
    Target 'Dialysis One App' in project 'Dialysis One App'
        ➜ Explicit dependency on target 'DialysisOneWatch Watch App' in project 'Dialysis One App'
        ➜ Explicit dependency on target 'PostgREST' in project 'Supabase'
        ➜ Explicit dependency on target 'Functions' in project 'Supabase'
        ➜ Explicit dependency on target 'Supabase' in project 'Supabase'
        ➜ Explicit dependency on target 'Auth' in project 'Supabase'
        ➜ Explicit dependency on target 'Storage' in project 'Supabase'
        ➜ Explicit dependency on target 'FirebaseAuth' in project 'Firebase'
        ➜ Explicit dependency on target 'FirebaseCore' in project 'Firebase'
        ➜ Explicit dependency on target 'Realtime' in project 'Supabase'
    Target 'Realtime' in project 'Supabase'
        ➜ Explicit dependency on target 'Realtime' in project 'Supabase'
        ➜ Explicit dependency on target 'Helpers' in project 'Supabase'
        ➜ Explicit dependency on target 'ConcurrencyExtras' in project 'swift-concurrency-extras'
        ➜ Explicit dependency on target 'HTTPTypes' in project 'swift-http-types'
        ➜ Explicit dependency on target 'Clocks' in project 'swift-clocks'
        ➜ Explicit dependency on target 'XCTestDynamicOverlay' in project 'xctest-dynamic-overlay'
        ➜ Explicit dependency on target 'IssueReporting' in project 'xctest-dynamic-overlay'
    Target 'FirebaseCore' in project 'Firebase'
        ➜ Explicit dependency on target 'FirebaseCore' in project 'Firebase'
        ➜ Explicit dependency on target 'Firebase_FirebaseCore' in project 'Firebase'
        ➜ Explicit dependency on target 'Firebase' in project 'Firebase'
        ➜ Explicit dependency on target 'FirebaseCoreInternal' in project 'Firebase'
        ➜ Explicit dependency on target 'GULNSData' in project 'GoogleUtilities'
        ➜ Explicit dependency on target 'GULEnvironment' in project 'GoogleUtilities'
        ➜ Explicit dependency on target 'GULLogger' in project 'GoogleUtilities'
    Target 'FirebaseAuth' in project 'Firebase'
        ➜ Explicit dependency on target 'FirebaseAuth' in project 'Firebase'
        ➜ Explicit dependency on target 'Firebase_FirebaseAuth' in project 'Firebase'
        ➜ Explicit dependency on target 'FirebaseAppCheckInterop' in project 'Firebase'
        ➜ Explicit dependency on target 'FirebaseAuthInterop' in project 'Firebase'
        ➜ Explicit dependency on target 'FirebaseAuthInternal' in project 'Firebase'
        ➜ Explicit dependency on target 'Firebase' in project 'Firebase'
        ➜ Explicit dependency on target 'FirebaseCoreInternal' in project 'Firebase'
        ➜ Explicit dependency on target 'FirebaseCore' in project 'Firebase'
        ➜ Explicit dependency on target 'FirebaseCoreExtension' in project 'Firebase'
        ➜ Explicit dependency on target 'RecaptchaInterop' in project 'InteropForGoogle'
        ➜ Explicit dependency on target 'GULNSData' in project 'GoogleUtilities'
        ➜ Explicit dependency on target 'GULEnvironment' in project 'GoogleUtilities'
        ➜ Explicit dependency on target 'GULLogger' in project 'GoogleUtilities'
        ➜ Explicit dependency on target 'GULAppDelegateSwizzler' in project 'GoogleUtilities'
        ➜ Explicit dependency on target 'GTMSessionFetcherCore' in project 'GTMSessionFetcher'
    Target 'FirebaseAuth' in project 'Firebase'
        ➜ Explicit dependency on target 'Firebase_FirebaseAuth' in project 'Firebase'
        ➜ Explicit dependency on target 'FirebaseAppCheckInterop' in project 'Firebase'
        ➜ Explicit dependency on target 'FirebaseAuthInterop' in project 'Firebase'
        ➜ Explicit dependency on target 'FirebaseAuthInternal' in project 'Firebase'
        ➜ Explicit dependency on target 'Firebase' in project 'Firebase'
        ➜ Explicit dependency on target 'FirebaseCoreInternal' in project 'Firebase'
        ➜ Explicit dependency on target 'FirebaseCore' in project 'Firebase'
        ➜ Explicit dependency on target 'FirebaseCoreExtension' in project 'Firebase'
        ➜ Explicit dependency on target 'RecaptchaInterop' in project 'InteropForGoogle'
        ➜ Explicit dependency on target 'GULNSData' in project 'GoogleUtilities'
        ➜ Explicit dependency on target 'GULEnvironment' in project 'GoogleUtilities'
        ➜ Explicit dependency on target 'GULLogger' in project 'GoogleUtilities'
        ➜ Explicit dependency on target 'GULAppDelegateSwizzler' in project 'GoogleUtilities'
        ➜ Explicit dependency on target 'GTMSessionFetcherCore' in project 'GTMSessionFetcher'
    Target 'GTMSessionFetcherCore' in project 'GTMSessionFetcher'
        ➜ Explicit dependency on target 'GTMSessionFetcherCore' in project 'GTMSessionFetcher'
        ➜ Explicit dependency on target 'GTMSessionFetcher_GTMSessionFetcherCore' in project 'GTMSessionFetcher'
    Target 'GTMSessionFetcherCore' in project 'GTMSessionFetcher'
        ➜ Explicit dependency on target 'GTMSessionFetcher_GTMSessionFetcherCore' in project 'GTMSessionFetcher'
    Target 'GTMSessionFetcher_GTMSessionFetcherCore' in project 'GTMSessionFetcher' (no dependencies)
    Target 'GULAppDelegateSwizzler' in project 'GoogleUtilities'
        ➜ Explicit dependency on target 'GoogleUtilities-AppDelegateSwizzler' in project 'GoogleUtilities'
        ➜ Explicit dependency on target 'GoogleUtilities_GoogleUtilities-AppDelegateSwizzler' in project 'GoogleUtilities'
        ➜ Explicit dependency on target 'third-party-IsAppEncrypted' in project 'GoogleUtilities'
        ➜ Explicit dependency on target 'GoogleUtilities-Environment' in project 'GoogleUtilities'
        ➜ Explicit dependency on target 'GoogleUtilities-Logger' in project 'GoogleUtilities'
        ➜ Explicit dependency on target 'GoogleUtilities-NSData' in project 'GoogleUtilities'
        ➜ Explicit dependency on target 'GoogleUtilities-Reachability' in project 'GoogleUtilities'
        ➜ Explicit dependency on target 'GoogleUtilities-Network' in project 'GoogleUtilities'
    Target 'GoogleUtilities-AppDelegateSwizzler' in project 'GoogleUtilities'
        ➜ Explicit dependency on target 'GoogleUtilities_GoogleUtilities-AppDelegateSwizzler' in project 'GoogleUtilities'
        ➜ Explicit dependency on target 'third-party-IsAppEncrypted' in project 'GoogleUtilities'
        ➜ Explicit dependency on target 'GoogleUtilities-Environment' in project 'GoogleUtilities'
        ➜ Explicit dependency on target 'GoogleUtilities-Logger' in project 'GoogleUtilities'
        ➜ Explicit dependency on target 'GoogleUtilities-NSData' in project 'GoogleUtilities'
        ➜ Explicit dependency on target 'GoogleUtilities-Reachability' in project 'GoogleUtilities'
        ➜ Explicit dependency on target 'GoogleUtilities-Network' in project 'GoogleUtilities'
    Target 'GoogleUtilities-Network' in project 'GoogleUtilities'
        ➜ Explicit dependency on target 'GoogleUtilities_GoogleUtilities-Network' in project 'GoogleUtilities'
        ➜ Explicit dependency on target 'third-party-IsAppEncrypted' in project 'GoogleUtilities'
        ➜ Explicit dependency on target 'GoogleUtilities-Environment' in project 'GoogleUtilities'
        ➜ Explicit dependency on target 'GoogleUtilities-Logger' in project 'GoogleUtilities'
        ➜ Explicit dependency on target 'GoogleUtilities-NSData' in project 'GoogleUtilities'
        ➜ Explicit dependency on target 'GoogleUtilities-Reachability' in project 'GoogleUtilities'
    Target 'GoogleUtilities_GoogleUtilities-Network' in project 'GoogleUtilities' (no dependencies)
    Target 'GoogleUtilities-Reachability' in project 'GoogleUtilities'
        ➜ Explicit dependency on target 'GoogleUtilities_GoogleUtilities-Reachability' in project 'GoogleUtilities'
        ➜ Explicit dependency on target 'third-party-IsAppEncrypted' in project 'GoogleUtilities'
        ➜ Explicit dependency on target 'GoogleUtilities-Environment' in project 'GoogleUtilities'
        ➜ Explicit dependency on target 'GoogleUtilities-Logger' in project 'GoogleUtilities'
    Target 'GoogleUtilities_GoogleUtilities-Reachability' in project 'GoogleUtilities' (no dependencies)
    Target 'GoogleUtilities_GoogleUtilities-AppDelegateSwizzler' in project 'GoogleUtilities' (no dependencies)
    Target 'FirebaseCoreExtension' in project 'Firebase'
        ➜ Explicit dependency on target 'Firebase_FirebaseCoreExtension' in project 'Firebase'
    Target 'Firebase_FirebaseCoreExtension' in project 'Firebase' (no dependencies)
    Target 'FirebaseCore' in project 'Firebase'
        ➜ Explicit dependency on target 'Firebase_FirebaseCore' in project 'Firebase'
        ➜ Explicit dependency on target 'Firebase' in project 'Firebase'
        ➜ Explicit dependency on target 'FirebaseCoreInternal' in project 'Firebase'
        ➜ Explicit dependency on target 'GULNSData' in project 'GoogleUtilities'
        ➜ Explicit dependency on target 'GULEnvironment' in project 'GoogleUtilities'
        ➜ Explicit dependency on target 'GULLogger' in project 'GoogleUtilities'
    Target 'GULLogger' in project 'GoogleUtilities'
        ➜ Explicit dependency on target 'GoogleUtilities-Logger' in project 'GoogleUtilities'
        ➜ Explicit dependency on target 'GoogleUtilities_GoogleUtilities-Logger' in project 'GoogleUtilities'
        ➜ Explicit dependency on target 'third-party-IsAppEncrypted' in project 'GoogleUtilities'
        ➜ Explicit dependency on target 'GoogleUtilities-Environment' in project 'GoogleUtilities'
    Target 'GoogleUtilities-Logger' in project 'GoogleUtilities'
        ➜ Explicit dependency on target 'GoogleUtilities_GoogleUtilities-Logger' in project 'GoogleUtilities'
        ➜ Explicit dependency on target 'third-party-IsAppEncrypted' in project 'GoogleUtilities'
        ➜ Explicit dependency on target 'GoogleUtilities-Environment' in project 'GoogleUtilities'
    Target 'GoogleUtilities_GoogleUtilities-Logger' in project 'GoogleUtilities' (no dependencies)
    Target 'GULEnvironment' in project 'GoogleUtilities'
        ➜ Explicit dependency on target 'GoogleUtilities-Environment' in project 'GoogleUtilities'
        ➜ Explicit dependency on target 'GoogleUtilities_GoogleUtilities-Environment' in project 'GoogleUtilities'
        ➜ Explicit dependency on target 'third-party-IsAppEncrypted' in project 'GoogleUtilities'
    Target 'GoogleUtilities-Environment' in project 'GoogleUtilities'
        ➜ Explicit dependency on target 'GoogleUtilities_GoogleUtilities-Environment' in project 'GoogleUtilities'
        ➜ Explicit dependency on target 'third-party-IsAppEncrypted' in project 'GoogleUtilities'
    Target 'third-party-IsAppEncrypted' in project 'GoogleUtilities' (no dependencies)
    Target 'GoogleUtilities_GoogleUtilities-Environment' in project 'GoogleUtilities' (no dependencies)
    Target 'Firebase_FirebaseCore' in project 'Firebase' (no dependencies)
    Target 'FirebaseCoreInternal' in project 'Firebase'
        ➜ Explicit dependency on target 'Firebase_FirebaseCoreInternal' in project 'Firebase'
        ➜ Explicit dependency on target 'GULNSData' in project 'GoogleUtilities'
    Target 'GULNSData' in project 'GoogleUtilities'
        ➜ Explicit dependency on target 'GoogleUtilities-NSData' in project 'GoogleUtilities'
        ➜ Explicit dependency on target 'GoogleUtilities_GoogleUtilities-NSData' in project 'GoogleUtilities'
    Target 'GoogleUtilities-NSData' in project 'GoogleUtilities'
        ➜ Explicit dependency on target 'GoogleUtilities_GoogleUtilities-NSData' in project 'GoogleUtilities'
    Target 'GoogleUtilities_GoogleUtilities-NSData' in project 'GoogleUtilities' (no dependencies)
    Target 'Firebase_FirebaseCoreInternal' in project 'Firebase' (no dependencies)
    Target 'Firebase' in project 'Firebase' (no dependencies)
    Target 'FirebaseAuthInternal' in project 'Firebase'
        ➜ Explicit dependency on target 'RecaptchaInterop' in project 'InteropForGoogle'
    Target 'RecaptchaInterop' in project 'InteropForGoogle'
        ➜ Explicit dependency on target 'RecaptchaInterop' in project 'InteropForGoogle'
    Target 'RecaptchaInterop' in project 'InteropForGoogle' (no dependencies)
    Target 'FirebaseAuthInterop' in project 'Firebase' (no dependencies)
    Target 'FirebaseAppCheckInterop' in project 'Firebase' (no dependencies)
    Target 'Firebase_FirebaseAuth' in project 'Firebase' (no dependencies)
    Target 'Storage' in project 'Supabase'
        ➜ Explicit dependency on target 'Storage' in project 'Supabase'
        ➜ Explicit dependency on target 'Helpers' in project 'Supabase'
        ➜ Explicit dependency on target 'ConcurrencyExtras' in project 'swift-concurrency-extras'
        ➜ Explicit dependency on target 'HTTPTypes' in project 'swift-http-types'
        ➜ Explicit dependency on target 'Clocks' in project 'swift-clocks'
        ➜ Explicit dependency on target 'XCTestDynamicOverlay' in project 'xctest-dynamic-overlay'
    Target 'Auth' in project 'Supabase'
        ➜ Explicit dependency on target 'Auth' in project 'Supabase'
        ➜ Explicit dependency on target 'Helpers' in project 'Supabase'
        ➜ Explicit dependency on target 'ConcurrencyExtras' in project 'swift-concurrency-extras'
        ➜ Explicit dependency on target 'HTTPTypes' in project 'swift-http-types'
        ➜ Explicit dependency on target 'Clocks' in project 'swift-clocks'
        ➜ Explicit dependency on target 'XCTestDynamicOverlay' in project 'xctest-dynamic-overlay'
        ➜ Explicit dependency on target 'Crypto' in project 'swift-crypto'
    Target 'Supabase' in project 'Supabase'
        ➜ Explicit dependency on target 'Supabase' in project 'Supabase'
        ➜ Explicit dependency on target 'Functions' in project 'Supabase'
        ➜ Explicit dependency on target 'PostgREST' in project 'Supabase'
        ➜ Explicit dependency on target 'Auth' in project 'Supabase'
        ➜ Explicit dependency on target 'Realtime' in project 'Supabase'
        ➜ Explicit dependency on target 'Storage' in project 'Supabase'
        ➜ Explicit dependency on target 'Helpers' in project 'Supabase'
        ➜ Explicit dependency on target 'ConcurrencyExtras' in project 'swift-concurrency-extras'
        ➜ Explicit dependency on target 'HTTPTypes' in project 'swift-http-types'
        ➜ Explicit dependency on target 'Clocks' in project 'swift-clocks'
        ➜ Explicit dependency on target 'XCTestDynamicOverlay' in project 'xctest-dynamic-overlay'
        ➜ Explicit dependency on target 'Crypto' in project 'swift-crypto'
        ➜ Explicit dependency on target 'IssueReporting' in project 'xctest-dynamic-overlay'
    Target 'Supabase' in project 'Supabase'
        ➜ Explicit dependency on target 'Helpers' in project 'Supabase'
        ➜ Explicit dependency on target 'Auth' in project 'Supabase'
        ➜ Explicit dependency on target 'Functions' in project 'Supabase'
        ➜ Explicit dependency on target 'PostgREST' in project 'Supabase'
        ➜ Explicit dependency on target 'Realtime' in project 'Supabase'
        ➜ Explicit dependency on target 'Storage' in project 'Supabase'
        ➜ Explicit dependency on target 'ConcurrencyExtras' in project 'swift-concurrency-extras'
        ➜ Explicit dependency on target 'HTTPTypes' in project 'swift-http-types'
        ➜ Explicit dependency on target 'Clocks' in project 'swift-clocks'
        ➜ Explicit dependency on target 'XCTestDynamicOverlay' in project 'xctest-dynamic-overlay'
        ➜ Explicit dependency on target 'Crypto' in project 'swift-crypto'
        ➜ Explicit dependency on target 'IssueReporting' in project 'xctest-dynamic-overlay'
    Target 'Storage' in project 'Supabase'
        ➜ Explicit dependency on target 'Helpers' in project 'Supabase'
        ➜ Explicit dependency on target 'ConcurrencyExtras' in project 'swift-concurrency-extras'
        ➜ Explicit dependency on target 'HTTPTypes' in project 'swift-http-types'
        ➜ Explicit dependency on target 'Clocks' in project 'swift-clocks'
        ➜ Explicit dependency on target 'XCTestDynamicOverlay' in project 'xctest-dynamic-overlay'
    Target 'Realtime' in project 'Supabase'
        ➜ Explicit dependency on target 'Helpers' in project 'Supabase'
        ➜ Explicit dependency on target 'ConcurrencyExtras' in project 'swift-concurrency-extras'
        ➜ Explicit dependency on target 'HTTPTypes' in project 'swift-http-types'
        ➜ Explicit dependency on target 'Clocks' in project 'swift-clocks'
        ➜ Explicit dependency on target 'XCTestDynamicOverlay' in project 'xctest-dynamic-overlay'
        ➜ Explicit dependency on target 'IssueReporting' in project 'xctest-dynamic-overlay'
    Target 'Auth' in project 'Supabase'
        ➜ Explicit dependency on target 'Helpers' in project 'Supabase'
        ➜ Explicit dependency on target 'ConcurrencyExtras' in project 'swift-concurrency-extras'
        ➜ Explicit dependency on target 'HTTPTypes' in project 'swift-http-types'
        ➜ Explicit dependency on target 'Clocks' in project 'swift-clocks'
        ➜ Explicit dependency on target 'XCTestDynamicOverlay' in project 'xctest-dynamic-overlay'
        ➜ Explicit dependency on target 'Crypto' in project 'swift-crypto'
    Target 'Crypto' in project 'swift-crypto'
        ➜ Explicit dependency on target 'Crypto' in project 'swift-crypto'
        ➜ Explicit dependency on target 'swift-crypto_Crypto' in project 'swift-crypto'
    Target 'Crypto' in project 'swift-crypto'
        ➜ Explicit dependency on target 'swift-crypto_Crypto' in project 'swift-crypto'
    Target 'swift-crypto_Crypto' in project 'swift-crypto' (no dependencies)
    Target 'Functions' in project 'Supabase'
        ➜ Explicit dependency on target 'Functions' in project 'Supabase'
        ➜ Explicit dependency on target 'Helpers' in project 'Supabase'
        ➜ Explicit dependency on target 'ConcurrencyExtras' in project 'swift-concurrency-extras'
        ➜ Explicit dependency on target 'HTTPTypes' in project 'swift-http-types'
        ➜ Explicit dependency on target 'Clocks' in project 'swift-clocks'
        ➜ Explicit dependency on target 'XCTestDynamicOverlay' in project 'xctest-dynamic-overlay'
    Target 'Functions' in project 'Supabase'
        ➜ Explicit dependency on target 'Helpers' in project 'Supabase'
        ➜ Explicit dependency on target 'ConcurrencyExtras' in project 'swift-concurrency-extras'
        ➜ Explicit dependency on target 'HTTPTypes' in project 'swift-http-types'
        ➜ Explicit dependency on target 'Clocks' in project 'swift-clocks'
        ➜ Explicit dependency on target 'XCTestDynamicOverlay' in project 'xctest-dynamic-overlay'
    Target 'PostgREST' in project 'Supabase'
        ➜ Explicit dependency on target 'PostgREST' in project 'Supabase'
        ➜ Explicit dependency on target 'Helpers' in project 'Supabase'
        ➜ Explicit dependency on target 'ConcurrencyExtras' in project 'swift-concurrency-extras'
        ➜ Explicit dependency on target 'HTTPTypes' in project 'swift-http-types'
        ➜ Explicit dependency on target 'Clocks' in project 'swift-clocks'
        ➜ Explicit dependency on target 'XCTestDynamicOverlay' in project 'xctest-dynamic-overlay'
    Target 'PostgREST' in project 'Supabase'
        ➜ Explicit dependency on target 'Helpers' in project 'Supabase'
        ➜ Explicit dependency on target 'ConcurrencyExtras' in project 'swift-concurrency-extras'
        ➜ Explicit dependency on target 'HTTPTypes' in project 'swift-http-types'
        ➜ Explicit dependency on target 'Clocks' in project 'swift-clocks'
        ➜ Explicit dependency on target 'XCTestDynamicOverlay' in project 'xctest-dynamic-overlay'
    Target 'Helpers' in project 'Supabase'
        ➜ Explicit dependency on target 'ConcurrencyExtras' in project 'swift-concurrency-extras'
        ➜ Explicit dependency on target 'HTTPTypes' in project 'swift-http-types'
        ➜ Explicit dependency on target 'Clocks' in project 'swift-clocks'
        ➜ Explicit dependency on target 'XCTestDynamicOverlay' in project 'xctest-dynamic-overlay'
    Target 'XCTestDynamicOverlay' in project 'xctest-dynamic-overlay'
        ➜ Explicit dependency on target 'XCTestDynamicOverlay' in project 'xctest-dynamic-overlay'
        ➜ Explicit dependency on target 'IssueReportingPackageSupport' in project 'xctest-dynamic-overlay'
        ➜ Explicit dependency on target 'IssueReporting' in project 'xctest-dynamic-overlay'
    Target 'XCTestDynamicOverlay' in project 'xctest-dynamic-overlay'
        ➜ Explicit dependency on target 'IssueReportingPackageSupport' in project 'xctest-dynamic-overlay'
        ➜ Explicit dependency on target 'IssueReporting' in project 'xctest-dynamic-overlay'
    Target 'Clocks' in project 'swift-clocks'
        ➜ Explicit dependency on target 'Clocks' in project 'swift-clocks'
        ➜ Explicit dependency on target 'ConcurrencyExtras' in project 'swift-concurrency-extras'
        ➜ Explicit dependency on target 'IssueReporting' in project 'xctest-dynamic-overlay'
    Target 'Clocks' in project 'swift-clocks'
        ➜ Explicit dependency on target 'ConcurrencyExtras' in project 'swift-concurrency-extras'
        ➜ Explicit dependency on target 'IssueReporting' in project 'xctest-dynamic-overlay'
    Target 'IssueReporting' in project 'xctest-dynamic-overlay'
        ➜ Explicit dependency on target 'IssueReporting' in project 'xctest-dynamic-overlay'
        ➜ Explicit dependency on target 'IssueReportingPackageSupport' in project 'xctest-dynamic-overlay'
    Target 'IssueReporting' in project 'xctest-dynamic-overlay'
        ➜ Explicit dependency on target 'IssueReportingPackageSupport' in project 'xctest-dynamic-overlay'
    Target 'IssueReportingPackageSupport' in project 'xctest-dynamic-overlay' (no dependencies)
    Target 'HTTPTypes' in project 'swift-http-types'
        ➜ Explicit dependency on target 'HTTPTypes' in project 'swift-http-types'
    Target 'HTTPTypes' in project 'swift-http-types' (no dependencies)
    Target 'ConcurrencyExtras' in project 'swift-concurrency-extras'
        ➜ Explicit dependency on target 'ConcurrencyExtras' in project 'swift-concurrency-extras'
    Target 'ConcurrencyExtras' in project 'swift-concurrency-extras' (no dependencies)
    Target 'DialysisOneWatch Watch App' in project 'Dialysis One App' (no dependencies)

GatherProvisioningInputs

CreateBuildDescription

ExecuteExternalTool /Applications/Xcode.app/Contents/Developer/usr/bin/actool --print-asset-tag-combinations --output-format xml1 /Users/user22/Desktop/Dialysis One App/DialysisOneWatch Watch App/Assets.xcassets

ExecuteExternalTool /Applications/Xcode.app/Contents/Developer/Toolchains/XcodeDefault.xctoolchain/usr/bin/swiftc --version

ExecuteExternalTool /Applications/Xcode.app/Contents/Developer/usr/bin/actool --version --output-format xml1

ExecuteExternalTool /Applications/Xcode.app/Contents/Developer/Toolchains/XcodeDefault.xctoolchain/usr/bin/clang -v -E -dM -arch arm64 -isysroot /Applications/Xcode.app/Contents/Developer/Platforms/iPhoneSimulator.platform/Developer/SDKs/iPhoneSimulator26.2.sdk -x objective-c -c /dev/null

ExecuteExternalTool /Applications/Xcode.app/Contents/Developer/Toolchains/XcodeDefault.xctoolchain/usr/bin/clang -v -E -dM -isysroot /Applications/Xcode.app/Contents/Developer/Platforms/WatchSimulator.platform/Developer/SDKs/WatchSimulator26.2.sdk -x c -c /dev/null

ExecuteExternalTool /Applications/Xcode.app/Contents/Developer/usr/bin/ibtool --version --output-format xml1

ExecuteExternalTool /Applications/Xcode.app/Contents/Developer/usr/bin/actool --print-asset-tag-combinations --output-format xml1 /Users/user22/Desktop/Dialysis One App/Dialysis One App/Resources/Assets.xcassets

ExecuteExternalTool /Applications/Xcode.app/Contents/Developer/Toolchains/XcodeDefault.xctoolchain/usr/bin/clang -v -E -dM -isysroot /Applications/Xcode.app/Contents/Developer/Platforms/iPhoneSimulator.platform/Developer/SDKs/iPhoneSimulator26.2.sdk -x c -c /dev/null

ExecuteExternalTool /Applications/Xcode.app/Contents/Developer/Toolchains/XcodeDefault.xctoolchain/usr/bin/clang -v -E -dM -arch arm64 -isysroot /Applications/Xcode.app/Contents/Developer/Platforms/iPhoneSimulator.platform/Developer/SDKs/iPhoneSimulator26.2.sdk -x c -c /dev/null

ExecuteExternalTool /Applications/Xcode.app/Contents/Developer/Toolchains/XcodeDefault.xctoolchain/usr/bin/ld -version_details

ReadFileContents /Applications/Xcode.app/Contents/Developer/Toolchains/XcodeDefault.xctoolchain/usr/share/docc/features.json

ExecuteExternalTool /Applications/Xcode.app/Contents/Developer/Toolchains/XcodeDefault.xctoolchain/usr/bin/clang -v -E -dM -arch x86_64 -isysroot /Applications/Xcode.app/Contents/Developer/Platforms/iPhoneSimulator.platform/Developer/SDKs/iPhoneSimulator26.2.sdk -x objective-c -c /dev/null

ExecuteExternalTool /Applications/Xcode.app/Contents/Developer/Toolchains/XcodeDefault.xctoolchain/usr/bin/clang -v -E -dM -arch x86_64 -isysroot /Applications/Xcode.app/Contents/Developer/Platforms/iPhoneSimulator.platform/Developer/SDKs/iPhoneSimulator26.2.sdk -x c -c /dev/null

Build description signature: 8fa4ef5d7a0c74b54fa68e8d3ee018ab
Build description path: /Users/user22/Library/Developer/Xcode/DerivedData/Dialysis_One_App-birxnlmksgtzxngoweahpklsdoui/Build/Intermediates.noindex/XCBuildData/8fa4ef5d7a0c74b54fa68e8d3ee018ab.xcbuilddata
ClangStatCache /Applications/Xcode.app/Contents/Developer/Toolchains/XcodeDefault.xctoolchain/usr/bin/clang-stat-cache /Applications/Xcode.app/Contents/Developer/Platforms/iPhoneSimulator.platform/Developer/SDKs/iPhoneSimulator26.2.sdk /Users/user22/Library/Developer/Xcode/DerivedData/SDKStatCaches.noindex/iphonesimulator26.2-23C57-7d00a8b37fbd7999ea79df8ebc024bf0.sdkstatcache
    cd /Users/user22/Desktop/Dialysis\ One\ App/Dialysis\ One\ App.xcodeproj
    /Applications/Xcode.app/Contents/Developer/Toolchains/XcodeDefault.xctoolchain/usr/bin/clang-stat-cache /Applications/Xcode.app/Contents/Developer/Platforms/iPhoneSimulator.platform/Developer/SDKs/iPhoneSimulator26.2.sdk -o /Users/user22/Library/Developer/Xcode/DerivedData/SDKStatCaches.noindex/iphonesimulator26.2-23C57-7d00a8b37fbd7999ea79df8ebc024bf0.sdkstatcache

ClangStatCache /Applications/Xcode.app/Contents/Developer/Toolchains/XcodeDefault.xctoolchain/usr/bin/clang-stat-cache /Applications/Xcode.app/Contents/Developer/Platforms/WatchSimulator.platform/Developer/SDKs/WatchSimulator26.2.sdk /Users/user22/Library/Developer/Xcode/DerivedData/SDKStatCaches.noindex/watchsimulator26.2-23S303-963ebdd26732d23a23bcca82c2045e26.sdkstatcache
    cd /Users/user22/Desktop/Dialysis\ One\ App/Dialysis\ One\ App.xcodeproj
    /Applications/Xcode.app/Contents/Developer/Toolchains/XcodeDefault.xctoolchain/usr/bin/clang-stat-cache /Applications/Xcode.app/Contents/Developer/Platforms/WatchSimulator.platform/Developer/SDKs/WatchSimulator26.2.sdk -o /Users/user22/Library/Developer/Xcode/DerivedData/SDKStatCaches.noindex/watchsimulator26.2-23S303-963ebdd26732d23a23bcca82c2045e26.sdkstatcache

ProcessInfoPlistFile /Users/user22/Library/Developer/Xcode/DerivedData/Dialysis_One_App-birxnlmksgtzxngoweahpklsdoui/Build/Products/Debug-iphonesimulator/Firebase_FirebaseCore.bundle/Info.plist /Users/user22/Library/Developer/Xcode/DerivedData/Dialysis_One_App-birxnlmksgtzxngoweahpklsdoui/Build/Intermediates.noindex/Firebase.build/Debug-iphonesimulator/Firebase_FirebaseCore.build/empty-Firebase_FirebaseCore.plist (in target 'Firebase_FirebaseCore' from project 'Firebase')
    cd /Users/user22/Library/Developer/Xcode/DerivedData/Dialysis_One_App-birxnlmksgtzxngoweahpklsdoui/SourcePackages/checkouts/firebase-ios-sdk
    builtin-infoPlistUtility /Users/user22/Library/Developer/Xcode/DerivedData/Dialysis_One_App-birxnlmksgtzxngoweahpklsdoui/Build/Intermediates.noindex/Firebase.build/Debug-iphonesimulator/Firebase_FirebaseCore.build/empty-Firebase_FirebaseCore.plist -producttype com.apple.product-type.bundle -expandbuildsettings -format binary -platform iphonesimulator -o /Users/user22/Library/Developer/Xcode/DerivedData/Dialysis_One_App-birxnlmksgtzxngoweahpklsdoui/Build/Products/Debug-iphonesimulator/Firebase_FirebaseCore.bundle/Info.plist

ProcessInfoPlistFile /Users/user22/Library/Developer/Xcode/DerivedData/Dialysis_One_App-birxnlmksgtzxngoweahpklsdoui/Build/Products/Debug-iphonesimulator/GoogleUtilities_GoogleUtilities-NSData.bundle/Info.plist /Users/user22/Library/Developer/Xcode/DerivedData/Dialysis_One_App-birxnlmksgtzxngoweahpklsdoui/Build/Intermediates.noindex/GoogleUtilities.build/Debug-iphonesimulator/GoogleUtilities_GoogleUtilities-NSData.build/empty-GoogleUtilities_GoogleUtilities-NSData.plist (in target 'GoogleUtilities_GoogleUtilities-NSData' from project 'GoogleUtilities')
    cd /Users/user22/Library/Developer/Xcode/DerivedData/Dialysis_One_App-birxnlmksgtzxngoweahpklsdoui/SourcePackages/checkouts/GoogleUtilities
    builtin-infoPlistUtility /Users/user22/Library/Developer/Xcode/DerivedData/Dialysis_One_App-birxnlmksgtzxngoweahpklsdoui/Build/Intermediates.noindex/GoogleUtilities.build/Debug-iphonesimulator/GoogleUtilities_GoogleUtilities-NSData.build/empty-GoogleUtilities_GoogleUtilities-NSData.plist -producttype com.apple.product-type.bundle -expandbuildsettings -format binary -platform iphonesimulator -o /Users/user22/Library/Developer/Xcode/DerivedData/Dialysis_One_App-birxnlmksgtzxngoweahpklsdoui/Build/Products/Debug-iphonesimulator/GoogleUtilities_GoogleUtilities-NSData.bundle/Info.plist

ProcessInfoPlistFile /Users/user22/Library/Developer/Xcode/DerivedData/Dialysis_One_App-birxnlmksgtzxngoweahpklsdoui/Build/Products/Debug-iphonesimulator/GoogleUtilities_GoogleUtilities-Environment.bundle/Info.plist /Users/user22/Library/Developer/Xcode/DerivedData/Dialysis_One_App-birxnlmksgtzxngoweahpklsdoui/Build/Intermediates.noindex/GoogleUtilities.build/Debug-iphonesimulator/GoogleUtilities_GoogleUtilities-Environment.build/empty-GoogleUtilities_GoogleUtilities-Environment.plist (in target 'GoogleUtilities_GoogleUtilities-Environment' from project 'GoogleUtilities')
    cd /Users/user22/Library/Developer/Xcode/DerivedData/Dialysis_One_App-birxnlmksgtzxngoweahpklsdoui/SourcePackages/checkouts/GoogleUtilities
    builtin-infoPlistUtility /Users/user22/Library/Developer/Xcode/DerivedData/Dialysis_One_App-birxnlmksgtzxngoweahpklsdoui/Build/Intermediates.noindex/GoogleUtilities.build/Debug-iphonesimulator/GoogleUtilities_GoogleUtilities-Environment.build/empty-GoogleUtilities_GoogleUtilities-Environment.plist -producttype com.apple.product-type.bundle -expandbuildsettings -format binary -platform iphonesimulator -o /Users/user22/Library/Developer/Xcode/DerivedData/Dialysis_One_App-birxnlmksgtzxngoweahpklsdoui/Build/Products/Debug-iphonesimulator/GoogleUtilities_GoogleUtilities-Environment.bundle/Info.plist

ProcessInfoPlistFile /Users/user22/Library/Developer/Xcode/DerivedData/Dialysis_One_App-birxnlmksgtzxngoweahpklsdoui/Build/Products/Debug-iphonesimulator/GoogleUtilities_GoogleUtilities-Logger.bundle/Info.plist /Users/user22/Library/Developer/Xcode/DerivedData/Dialysis_One_App-birxnlmksgtzxngoweahpklsdoui/Build/Intermediates.noindex/GoogleUtilities.build/Debug-iphonesimulator/GoogleUtilities_GoogleUtilities-Logger.build/empty-GoogleUtilities_GoogleUtilities-Logger.plist (in target 'GoogleUtilities_GoogleUtilities-Logger' from project 'GoogleUtilities')
    cd /Users/user22/Library/Developer/Xcode/DerivedData/Dialysis_One_App-birxnlmksgtzxngoweahpklsdoui/SourcePackages/checkouts/GoogleUtilities
    builtin-infoPlistUtility /Users/user22/Library/Developer/Xcode/DerivedData/Dialysis_One_App-birxnlmksgtzxngoweahpklsdoui/Build/Intermediates.noindex/GoogleUtilities.build/Debug-iphonesimulator/GoogleUtilities_GoogleUtilities-Logger.build/empty-GoogleUtilities_GoogleUtilities-Logger.plist -producttype com.apple.product-type.bundle -expandbuildsettings -format binary -platform iphonesimulator -o /Users/user22/Library/Developer/Xcode/DerivedData/Dialysis_One_App-birxnlmksgtzxngoweahpklsdoui/Build/Products/Debug-iphonesimulator/GoogleUtilities_GoogleUtilities-Logger.bundle/Info.plist

ProcessInfoPlistFile /Users/user22/Library/Developer/Xcode/DerivedData/Dialysis_One_App-birxnlmksgtzxngoweahpklsdoui/Build/Products/Debug-iphonesimulator/Firebase_FirebaseCoreInternal.bundle/Info.plist /Users/user22/Library/Developer/Xcode/DerivedData/Dialysis_One_App-birxnlmksgtzxngoweahpklsdoui/Build/Intermediates.noindex/Firebase.build/Debug-iphonesimulator/Firebase_FirebaseCoreInternal.build/empty-Firebase_FirebaseCoreInternal.plist (in target 'Firebase_FirebaseCoreInternal' from project 'Firebase')
    cd /Users/user22/Library/Developer/Xcode/DerivedData/Dialysis_One_App-birxnlmksgtzxngoweahpklsdoui/SourcePackages/checkouts/firebase-ios-sdk
    builtin-infoPlistUtility /Users/user22/Library/Developer/Xcode/DerivedData/Dialysis_One_App-birxnlmksgtzxngoweahpklsdoui/Build/Intermediates.noindex/Firebase.build/Debug-iphonesimulator/Firebase_FirebaseCoreInternal.build/empty-Firebase_FirebaseCoreInternal.plist -producttype com.apple.product-type.bundle -expandbuildsettings -format binary -platform iphonesimulator -o /Users/user22/Library/Developer/Xcode/DerivedData/Dialysis_One_App-birxnlmksgtzxngoweahpklsdoui/Build/Products/Debug-iphonesimulator/Firebase_FirebaseCoreInternal.bundle/Info.plist

warning: Skipping duplicate build file in Compile Sources build phase: /Users/user22/Desktop/Dialysis One App/DialysisOneWatch Watch App/AppState.swift (in target 'DialysisOneWatch Watch App' from project 'Dialysis One App')
warning: Skipping duplicate build file in Compile Sources build phase: /Users/user22/Desktop/Dialysis One App/DialysisOneWatch Watch App/WatchMedication.swift (in target 'DialysisOneWatch Watch App' from project 'Dialysis One App')
warning: Skipping duplicate build file in Compile Sources build phase: /Users/user22/Desktop/Dialysis One App/DialysisOneWatch Watch App/MainWatchView.swift (in target 'DialysisOneWatch Watch App' from project 'Dialysis One App')
warning: Skipping duplicate build file in Compile Sources build phase: /Users/user22/Desktop/Dialysis One App/DialysisOneWatch Watch App/WorkoutManager.swift (in target 'DialysisOneWatch Watch App' from project 'Dialysis One App')
warning: Skipping duplicate build file in Compile Sources build phase: /Users/user22/Desktop/Dialysis One App/DialysisOneWatch Watch App/AddMedicationWatchView.swift (in target 'DialysisOneWatch Watch App' from project 'Dialysis One App')
warning: Skipping duplicate build file in Compile Sources build phase: /Users/user22/Desktop/Dialysis One App/DialysisOneWatch Watch App/AddWaterWatchView.swift (in target 'DialysisOneWatch Watch App' from project 'Dialysis One App')
warning: Skipping duplicate build file in Compile Sources build phase: /Users/user22/Desktop/Dialysis One App/DialysisOneWatch Watch App/WatchDataManager.swift (in target 'DialysisOneWatch Watch App' from project 'Dialysis One App')
warning: Skipping duplicate build file in Compile Sources build phase: /Users/user22/Desktop/Dialysis One App/DialysisOneWatch Watch App/SummaryCard.swift (in target 'DialysisOneWatch Watch App' from project 'Dialysis One App')
warning: Skipping duplicate build file in Compile Sources build phase: /Users/user22/Desktop/Dialysis One App/DialysisOneWatch Watch App/AddDietWatchView.swift (in target 'DialysisOneWatch Watch App' from project 'Dialysis One App')
warning: Skipping duplicate build file in Compile Sources build phase: /Users/user22/Desktop/Dialysis One App/DialysisOneWatch Watch App/LoggedOutWatchView.swift (in target 'DialysisOneWatch Watch App' from project 'Dialysis One App')
warning: Skipping duplicate build file in Compile Sources build phase: /Users/user22/Desktop/Dialysis One App/DialysisOneWatch Watch App/WatchConnectivityManager.swift (in target 'DialysisOneWatch Watch App' from project 'Dialysis One App')
warning: Skipping duplicate build file in Compile Sources build phase: /Users/user22/Desktop/Dialysis One App/DialysisOneWatch Watch App/HealthKitManager.swift (in target 'DialysisOneWatch Watch App' from project 'Dialysis One App')
warning: Skipping duplicate build file in Compile Sources build phase: /Users/user22/Desktop/Dialysis One App/DialysisOneWatch Watch App/ContentView.swift (in target 'DialysisOneWatch Watch App' from project 'Dialysis One App')
warning: Skipping duplicate build file in Compile Sources build phase: /Users/user22/Desktop/Dialysis One App/DialysisOneWatch Watch App/DialysisOneWatchApp.swift (in target 'DialysisOneWatch Watch App' from project 'Dialysis One App')
warning: Skipping duplicate build file in Compile Sources build phase: /Users/user22/Desktop/Dialysis One App/DialysisOneWatch Watch App/WatchNutritionResult.swift (in target 'DialysisOneWatch Watch App' from project 'Dialysis One App')
warning: Skipping duplicate build file in Compile Sources build phase: /Users/user22/Desktop/Dialysis One App/DialysisOneWatch Watch App/AppState.swift (in target 'DialysisOneWatch Watch App' from project 'Dialysis One App')
warning: Skipping duplicate build file in Compile Sources build phase: /Users/user22/Desktop/Dialysis One App/DialysisOneWatch Watch App/WatchMedication.swift (in target 'DialysisOneWatch Watch App' from project 'Dialysis One App')
warning: Skipping duplicate build file in Compile Sources build phase: /Users/user22/Desktop/Dialysis One App/DialysisOneWatch Watch App/MainWatchView.swift (in target 'DialysisOneWatch Watch App' from project 'Dialysis One App')
warning: Skipping duplicate build file in Compile Sources build phase: /Users/user22/Desktop/Dialysis One App/DialysisOneWatch Watch App/WorkoutManager.swift (in target 'DialysisOneWatch Watch App' from project 'Dialysis One App')
warning: Skipping duplicate build file in Compile Sources build phase: /Users/user22/Desktop/Dialysis One App/DialysisOneWatch Watch App/AddMedicationWatchView.swift (in target 'DialysisOneWatch Watch App' from project 'Dialysis One App')
warning: Skipping duplicate build file in Compile Sources build phase: /Users/user22/Desktop/Dialysis One App/DialysisOneWatch Watch App/AddWaterWatchView.swift (in target 'DialysisOneWatch Watch App' from project 'Dialysis One App')
warning: Skipping duplicate build file in Compile Sources build phase: /Users/user22/Desktop/Dialysis One App/DialysisOneWatch Watch App/WatchDataManager.swift (in target 'DialysisOneWatch Watch App' from project 'Dialysis One App')
warning: Skipping duplicate build file in Compile Sources build phase: /Users/user22/Desktop/Dialysis One App/DialysisOneWatch Watch App/SummaryCard.swift (in target 'DialysisOneWatch Watch App' from project 'Dialysis One App')
warning: Skipping duplicate build file in Compile Sources build phase: /Users/user22/Desktop/Dialysis One App/DialysisOneWatch Watch App/AddDietWatchView.swift (in target 'DialysisOneWatch Watch App' from project 'Dialysis One App')
warning: Skipping duplicate build file in Compile Sources build phase: /Users/user22/Desktop/Dialysis One App/DialysisOneWatch Watch App/LoggedOutWatchView.swift (in target 'DialysisOneWatch Watch App' from project 'Dialysis One App')
warning: Skipping duplicate build file in Compile Sources build phase: /Users/user22/Desktop/Dialysis One App/DialysisOneWatch Watch App/WatchConnectivityManager.swift (in target 'DialysisOneWatch Watch App' from project 'Dialysis One App')
warning: Skipping duplicate build file in Compile Sources build phase: /Users/user22/Desktop/Dialysis One App/DialysisOneWatch Watch App/HealthKitManager.swift (in target 'DialysisOneWatch Watch App' from project 'Dialysis One App')
warning: Skipping duplicate build file in Compile Sources build phase: /Users/user22/Desktop/Dialysis One App/DialysisOneWatch Watch App/ContentView.swift (in target 'DialysisOneWatch Watch App' from project 'Dialysis One App')
warning: Skipping duplicate build file in Compile Sources build phase: /Users/user22/Desktop/Dialysis One App/DialysisOneWatch Watch App/DialysisOneWatchApp.swift (in target 'DialysisOneWatch Watch App' from project 'Dialysis One App')
warning: Skipping duplicate build file in Compile Sources build phase: /Users/user22/Desktop/Dialysis One App/DialysisOneWatch Watch App/WatchNutritionResult.swift (in target 'DialysisOneWatch Watch App' from project 'Dialysis One App')
ProcessInfoPlistFile /Users/user22/Library/Developer/Xcode/DerivedData/Dialysis_One_App-birxnlmksgtzxngoweahpklsdoui/Build/Products/Debug-watchsimulator/DialysisOneWatch\ Watch\ App.app/Info.plist /Users/user22/Desktop/Dialysis\ One\ App/DialysisOneWatch-Watch-App-Info.plist (in target 'DialysisOneWatch Watch App' from project 'Dialysis One App')
    cd /Users/user22/Desktop/Dialysis\ One\ App
    builtin-infoPlistUtility /Users/user22/Desktop/Dialysis\ One\ App/DialysisOneWatch-Watch-App-Info.plist -producttype com.apple.product-type.application -genpkginfo /Users/user22/Library/Developer/Xcode/DerivedData/Dialysis_One_App-birxnlmksgtzxngoweahpklsdoui/Build/Products/Debug-watchsimulator/DialysisOneWatch\ Watch\ App.app/PkgInfo -expandbuildsettings -format binary -platform watchsimulator -additionalcontentfile /Users/user22/Library/Developer/Xcode/DerivedData/Dialysis_One_App-birxnlmksgtzxngoweahpklsdoui/Build/Intermediates.noindex/Dialysis\ One\ App.build/Debug-watchsimulator/DialysisOneWatch\ Watch\ App.build/assetcatalog_generated_info.plist -o /Users/user22/Library/Developer/Xcode/DerivedData/Dialysis_One_App-birxnlmksgtzxngoweahpklsdoui/Build/Products/Debug-watchsimulator/DialysisOneWatch\ Watch\ App.app/Info.plist

CopySwiftLibs /Users/user22/Library/Developer/Xcode/DerivedData/Dialysis_One_App-birxnlmksgtzxngoweahpklsdoui/Build/Products/Debug-watchsimulator/DialysisOneWatch\ Watch\ App.app (in target 'DialysisOneWatch Watch App' from project 'Dialysis One App')
    cd /Users/user22/Desktop/Dialysis\ One\ App
    builtin-swiftStdLibTool --copy --verbose --sign - --scan-executable /Users/user22/Library/Developer/Xcode/DerivedData/Dialysis_One_App-birxnlmksgtzxngoweahpklsdoui/Build/Products/Debug-watchsimulator/DialysisOneWatch\ Watch\ App.app/DialysisOneWatch\ Watch\ App.debug.dylib --scan-folder /Users/user22/Library/Developer/Xcode/DerivedData/Dialysis_One_App-birxnlmksgtzxngoweahpklsdoui/Build/Products/Debug-watchsimulator/DialysisOneWatch\ Watch\ App.app/Frameworks --scan-folder /Users/user22/Library/Developer/Xcode/DerivedData/Dialysis_One_App-birxnlmksgtzxngoweahpklsdoui/Build/Products/Debug-watchsimulator/DialysisOneWatch\ Watch\ App.app/PlugIns --scan-folder /Users/user22/Library/Developer/Xcode/DerivedData/Dialysis_One_App-birxnlmksgtzxngoweahpklsdoui/Build/Products/Debug-watchsimulator/DialysisOneWatch\ Watch\ App.app/SystemExtensions --scan-folder /Users/user22/Library/Developer/Xcode/DerivedData/Dialysis_One_App-birxnlmksgtzxngoweahpklsdoui/Build/Products/Debug-watchsimulator/DialysisOneWatch\ Watch\ App.app/Extensions --platform watchsimulator --toolchain /Applications/Xcode.app/Contents/Developer/Toolchains/XcodeDefault.xctoolchain --destination /Users/user22/Library/Developer/Xcode/DerivedData/Dialysis_One_App-birxnlmksgtzxngoweahpklsdoui/Build/Products/Debug-watchsimulator/DialysisOneWatch\ Watch\ App.app/Frameworks --strip-bitcode --strip-bitcode-tool /Applications/Xcode.app/Contents/Developer/Toolchains/XcodeDefault.xctoolchain/usr/bin/bitcode_strip --emit-dependency-info /Users/user22/Library/Developer/Xcode/DerivedData/Dialysis_One_App-birxnlmksgtzxngoweahpklsdoui/Build/Intermediates.noindex/Dialysis\ One\ App.build/Debug-watchsimulator/DialysisOneWatch\ Watch\ App.build/SwiftStdLibToolInputDependencies.dep --filter-for-swift-os --back-deploy-swift-span

ProcessInfoPlistFile /Users/user22/Library/Developer/Xcode/DerivedData/Dialysis_One_App-birxnlmksgtzxngoweahpklsdoui/Build/Products/Debug-iphonesimulator/swift-crypto_Crypto.bundle/Info.plist /Users/user22/Library/Developer/Xcode/DerivedData/Dialysis_One_App-birxnlmksgtzxngoweahpklsdoui/Build/Intermediates.noindex/swift-crypto.build/Debug-iphonesimulator/swift-crypto_Crypto.build/empty-swift-crypto_Crypto.plist (in target 'swift-crypto_Crypto' from project 'swift-crypto')
    cd /Users/user22/Library/Developer/Xcode/DerivedData/Dialysis_One_App-birxnlmksgtzxngoweahpklsdoui/SourcePackages/checkouts/swift-crypto
    builtin-infoPlistUtility /Users/user22/Library/Developer/Xcode/DerivedData/Dialysis_One_App-birxnlmksgtzxngoweahpklsdoui/Build/Intermediates.noindex/swift-crypto.build/Debug-iphonesimulator/swift-crypto_Crypto.build/empty-swift-crypto_Crypto.plist -producttype com.apple.product-type.bundle -expandbuildsettings -format binary -platform iphonesimulator -o /Users/user22/Library/Developer/Xcode/DerivedData/Dialysis_One_App-birxnlmksgtzxngoweahpklsdoui/Build/Products/Debug-iphonesimulator/swift-crypto_Crypto.bundle/Info.plist

ProcessInfoPlistFile /Users/user22/Library/Developer/Xcode/DerivedData/Dialysis_One_App-birxnlmksgtzxngoweahpklsdoui/Build/Products/Debug-iphonesimulator/Firebase_FirebaseAuth.bundle/Info.plist /Users/user22/Library/Developer/Xcode/DerivedData/Dialysis_One_App-birxnlmksgtzxngoweahpklsdoui/Build/Intermediates.noindex/Firebase.build/Debug-iphonesimulator/Firebase_FirebaseAuth.build/empty-Firebase_FirebaseAuth.plist (in target 'Firebase_FirebaseAuth' from project 'Firebase')
    cd /Users/user22/Library/Developer/Xcode/DerivedData/Dialysis_One_App-birxnlmksgtzxngoweahpklsdoui/SourcePackages/checkouts/firebase-ios-sdk
    builtin-infoPlistUtility /Users/user22/Library/Developer/Xcode/DerivedData/Dialysis_One_App-birxnlmksgtzxngoweahpklsdoui/Build/Intermediates.noindex/Firebase.build/Debug-iphonesimulator/Firebase_FirebaseAuth.build/empty-Firebase_FirebaseAuth.plist -producttype com.apple.product-type.bundle -expandbuildsettings -format binary -platform iphonesimulator -o /Users/user22/Library/Developer/Xcode/DerivedData/Dialysis_One_App-birxnlmksgtzxngoweahpklsdoui/Build/Products/Debug-iphonesimulator/Firebase_FirebaseAuth.bundle/Info.plist

ProcessInfoPlistFile /Users/user22/Library/Developer/Xcode/DerivedData/Dialysis_One_App-birxnlmksgtzxngoweahpklsdoui/Build/Products/Debug-iphonesimulator/GTMSessionFetcher_GTMSessionFetcherCore.bundle/Info.plist /Users/user22/Library/Developer/Xcode/DerivedData/Dialysis_One_App-birxnlmksgtzxngoweahpklsdoui/Build/Intermediates.noindex/GTMSessionFetcher.build/Debug-iphonesimulator/GTMSessionFetcher_GTMSessionFetcherCore.build/empty-GTMSessionFetcher_GTMSessionFetcherCore.plist (in target 'GTMSessionFetcher_GTMSessionFetcherCore' from project 'GTMSessionFetcher')
    cd /Users/user22/Library/Developer/Xcode/DerivedData/Dialysis_One_App-birxnlmksgtzxngoweahpklsdoui/SourcePackages/checkouts/gtm-session-fetcher
    builtin-infoPlistUtility /Users/user22/Library/Developer/Xcode/DerivedData/Dialysis_One_App-birxnlmksgtzxngoweahpklsdoui/Build/Intermediates.noindex/GTMSessionFetcher.build/Debug-iphonesimulator/GTMSessionFetcher_GTMSessionFetcherCore.build/empty-GTMSessionFetcher_GTMSessionFetcherCore.plist -producttype com.apple.product-type.bundle -expandbuildsettings -format binary -platform iphonesimulator -o /Users/user22/Library/Developer/Xcode/DerivedData/Dialysis_One_App-birxnlmksgtzxngoweahpklsdoui/Build/Products/Debug-iphonesimulator/GTMSessionFetcher_GTMSessionFetcherCore.bundle/Info.plist

ProcessInfoPlistFile /Users/user22/Library/Developer/Xcode/DerivedData/Dialysis_One_App-birxnlmksgtzxngoweahpklsdoui/Build/Products/Debug-iphonesimulator/Firebase_FirebaseCoreExtension.bundle/Info.plist /Users/user22/Library/Developer/Xcode/DerivedData/Dialysis_One_App-birxnlmksgtzxngoweahpklsdoui/Build/Intermediates.noindex/Firebase.build/Debug-iphonesimulator/Firebase_FirebaseCoreExtension.build/empty-Firebase_FirebaseCoreExtension.plist (in target 'Firebase_FirebaseCoreExtension' from project 'Firebase')
    cd /Users/user22/Library/Developer/Xcode/DerivedData/Dialysis_One_App-birxnlmksgtzxngoweahpklsdoui/SourcePackages/checkouts/firebase-ios-sdk
    builtin-infoPlistUtility /Users/user22/Library/Developer/Xcode/DerivedData/Dialysis_One_App-birxnlmksgtzxngoweahpklsdoui/Build/Intermediates.noindex/Firebase.build/Debug-iphonesimulator/Firebase_FirebaseCoreExtension.build/empty-Firebase_FirebaseCoreExtension.plist -producttype com.apple.product-type.bundle -expandbuildsettings -format binary -platform iphonesimulator -o /Users/user22/Library/Developer/Xcode/DerivedData/Dialysis_One_App-birxnlmksgtzxngoweahpklsdoui/Build/Products/Debug-iphonesimulator/Firebase_FirebaseCoreExtension.bundle/Info.plist

ProcessInfoPlistFile /Users/user22/Library/Developer/Xcode/DerivedData/Dialysis_One_App-birxnlmksgtzxngoweahpklsdoui/Build/Products/Debug-iphonesimulator/GoogleUtilities_GoogleUtilities-AppDelegateSwizzler.bundle/Info.plist /Users/user22/Library/Developer/Xcode/DerivedData/Dialysis_One_App-birxnlmksgtzxngoweahpklsdoui/Build/Intermediates.noindex/GoogleUtilities.build/Debug-iphonesimulator/GoogleUtilities_GoogleUtilities-AppDelegateSwizzler.build/empty-GoogleUtilities_GoogleUtilities-AppDelegateSwizzler.plist (in target 'GoogleUtilities_GoogleUtilities-AppDelegateSwizzler' from project 'GoogleUtilities')
    cd /Users/user22/Library/Developer/Xcode/DerivedData/Dialysis_One_App-birxnlmksgtzxngoweahpklsdoui/SourcePackages/checkouts/GoogleUtilities
    builtin-infoPlistUtility /Users/user22/Library/Developer/Xcode/DerivedData/Dialysis_One_App-birxnlmksgtzxngoweahpklsdoui/Build/Intermediates.noindex/GoogleUtilities.build/Debug-iphonesimulator/GoogleUtilities_GoogleUtilities-AppDelegateSwizzler.build/empty-GoogleUtilities_GoogleUtilities-AppDelegateSwizzler.plist -producttype com.apple.product-type.bundle -expandbuildsettings -format binary -platform iphonesimulator -o /Users/user22/Library/Developer/Xcode/DerivedData/Dialysis_One_App-birxnlmksgtzxngoweahpklsdoui/Build/Products/Debug-iphonesimulator/GoogleUtilities_GoogleUtilities-AppDelegateSwizzler.bundle/Info.plist

ProcessInfoPlistFile /Users/user22/Library/Developer/Xcode/DerivedData/Dialysis_One_App-birxnlmksgtzxngoweahpklsdoui/Build/Products/Debug-iphonesimulator/GoogleUtilities_GoogleUtilities-Reachability.bundle/Info.plist /Users/user22/Library/Developer/Xcode/DerivedData/Dialysis_One_App-birxnlmksgtzxngoweahpklsdoui/Build/Intermediates.noindex/GoogleUtilities.build/Debug-iphonesimulator/GoogleUtilities_GoogleUtilities-Reachability.build/empty-GoogleUtilities_GoogleUtilities-Reachability.plist (in target 'GoogleUtilities_GoogleUtilities-Reachability' from project 'GoogleUtilities')
    cd /Users/user22/Library/Developer/Xcode/DerivedData/Dialysis_One_App-birxnlmksgtzxngoweahpklsdoui/SourcePackages/checkouts/GoogleUtilities
    builtin-infoPlistUtility /Users/user22/Library/Developer/Xcode/DerivedData/Dialysis_One_App-birxnlmksgtzxngoweahpklsdoui/Build/Intermediates.noindex/GoogleUtilities.build/Debug-iphonesimulator/GoogleUtilities_GoogleUtilities-Reachability.build/empty-GoogleUtilities_GoogleUtilities-Reachability.plist -producttype com.apple.product-type.bundle -expandbuildsettings -format binary -platform iphonesimulator -o /Users/user22/Library/Developer/Xcode/DerivedData/Dialysis_One_App-birxnlmksgtzxngoweahpklsdoui/Build/Products/Debug-iphonesimulator/GoogleUtilities_GoogleUtilities-Reachability.bundle/Info.plist

ProcessInfoPlistFile /Users/user22/Library/Developer/Xcode/DerivedData/Dialysis_One_App-birxnlmksgtzxngoweahpklsdoui/Build/Products/Debug-iphonesimulator/GoogleUtilities_GoogleUtilities-Network.bundle/Info.plist /Users/user22/Library/Developer/Xcode/DerivedData/Dialysis_One_App-birxnlmksgtzxngoweahpklsdoui/Build/Intermediates.noindex/GoogleUtilities.build/Debug-iphonesimulator/GoogleUtilities_GoogleUtilities-Network.build/empty-GoogleUtilities_GoogleUtilities-Network.plist (in target 'GoogleUtilities_GoogleUtilities-Network' from project 'GoogleUtilities')
    cd /Users/user22/Library/Developer/Xcode/DerivedData/Dialysis_One_App-birxnlmksgtzxngoweahpklsdoui/SourcePackages/checkouts/GoogleUtilities
    builtin-infoPlistUtility /Users/user22/Library/Developer/Xcode/DerivedData/Dialysis_One_App-birxnlmksgtzxngoweahpklsdoui/Build/Intermediates.noindex/GoogleUtilities.build/Debug-iphonesimulator/GoogleUtilities_GoogleUtilities-Network.build/empty-GoogleUtilities_GoogleUtilities-Network.plist -producttype com.apple.product-type.bundle -expandbuildsettings -format binary -platform iphonesimulator -o /Users/user22/Library/Developer/Xcode/DerivedData/Dialysis_One_App-birxnlmksgtzxngoweahpklsdoui/Build/Products/Debug-iphonesimulator/GoogleUtilities_GoogleUtilities-Network.bundle/Info.plist

ProcessInfoPlistFile /Users/user22/Library/Developer/Xcode/DerivedData/Dialysis_One_App-birxnlmksgtzxngoweahpklsdoui/Build/Products/Debug-iphonesimulator/Dialysis\ One\ App.app/Info.plist /Users/user22/Desktop/Dialysis\ One\ App/Dialysis\ One\ App/Info.plist (in target 'Dialysis One App' from project 'Dialysis One App')
    cd /Users/user22/Desktop/Dialysis\ One\ App
    builtin-infoPlistUtility /Users/user22/Desktop/Dialysis\ One\ App/Dialysis\ One\ App/Info.plist -producttype com.apple.product-type.application -genpkginfo /Users/user22/Library/Developer/Xcode/DerivedData/Dialysis_One_App-birxnlmksgtzxngoweahpklsdoui/Build/Products/Debug-iphonesimulator/Dialysis\ One\ App.app/PkgInfo -expandbuildsettings -format binary -platform iphonesimulator -additionalcontentfile /Users/user22/Library/Developer/Xcode/DerivedData/Dialysis_One_App-birxnlmksgtzxngoweahpklsdoui/Build/Intermediates.noindex/Dialysis\ One\ App.build/Debug-iphonesimulator/Dialysis\ One\ App.build/ForgotPasswordViewController-PartialInfo.plist -additionalcontentfile /Users/user22/Library/Developer/Xcode/DerivedData/Dialysis_One_App-birxnlmksgtzxngoweahpklsdoui/Build/Intermediates.noindex/Dialysis\ One\ App.build/Debug-iphonesimulator/Dialysis\ One\ App.build/SignInViewController-PartialInfo.plist -additionalcontentfile /Users/user22/Library/Developer/Xcode/DerivedData/Dialysis_One_App-birxnlmksgtzxngoweahpklsdoui/Build/Intermediates.noindex/Dialysis\ One\ App.build/Debug-iphonesimulator/Dialysis\ One\ App.build/SignUpViewController-PartialInfo.plist -additionalcontentfile /Users/user22/Library/Developer/Xcode/DerivedData/Dialysis_One_App-birxnlmksgtzxngoweahpklsdoui/Build/Intermediates.noindex/Dialysis\ One\ App.build/Debug-iphonesimulator/Dialysis\ One\ App.build/VerifyCodeViewController-PartialInfo.plist -additionalcontentfile /Users/user22/Library/Developer/Xcode/DerivedData/Dialysis_One_App-birxnlmksgtzxngoweahpklsdoui/Build/Intermediates.noindex/Dialysis\ One\ App.build/Debug-iphonesimulator/Dialysis\ One\ App.build/OnboardingViewController-PartialInfo.plist -additionalcontentfile /Users/user22/Library/Developer/Xcode/DerivedData/Dialysis_One_App-birxnlmksgtzxngoweahpklsdoui/Build/Intermediates.noindex/Dialysis\ One\ App.build/Debug-iphonesimulator/Dialysis\ One\ App.build/ReliefGuideViewController-PartialInfo.plist -additionalcontentfile /Users/user22/Library/Developer/Xcode/DerivedData/Dialysis_One_App-birxnlmksgtzxngoweahpklsdoui/Build/Intermediates.noindex/Dialysis\ One\ App.build/Debug-iphonesimulator/Dialysis\ One\ App.build/SymptomDetailViewController-PartialInfo.plist -additionalcontentfile /Users/user22/Library/Developer/Xcode/DerivedData/Dialysis_One_App-birxnlmksgtzxngoweahpklsdoui/Build/Intermediates.noindex/Dialysis\ One\ App.build/Debug-iphonesimulator/Dialysis\ One\ App.build/SymptomTableViewCell-PartialInfo.plist -additionalcontentfile /Users/user22/Library/Developer/Xcode/DerivedData/Dialysis_One_App-birxnlmksgtzxngoweahpklsdoui/Build/Intermediates.noindex/Dialysis\ One\ App.build/Debug-iphonesimulator/Dialysis\ One\ App.build/Base.lproj/LaunchScreen-SBPartialInfo.plist -additionalcontentfile /Users/user22/Library/Developer/Xcode/DerivedData/Dialysis_One_App-birxnlmksgtzxngoweahpklsdoui/Build/Intermediates.noindex/Dialysis\ One\ App.build/Debug-iphonesimulator/Dialysis\ One\ App.build/assetcatalog_generated_info.plist -scanforprivacyfile /Users/user22/Library/Developer/Xcode/DerivedData/Dialysis_One_App-birxnlmksgtzxngoweahpklsdoui/Build/Products/Debug-iphonesimulator/Dialysis\ One\ App.app/Firebase_FirebaseAuth.bundle -scanforprivacyfile /Users/user22/Library/Developer/Xcode/DerivedData/Dialysis_One_App-birxnlmksgtzxngoweahpklsdoui/Build/Products/Debug-iphonesimulator/Dialysis\ One\ App.app/Firebase_FirebaseCore.bundle -scanforprivacyfile /Users/user22/Library/Developer/Xcode/DerivedData/Dialysis_One_App-birxnlmksgtzxngoweahpklsdoui/Build/Products/Debug-iphonesimulator/Dialysis\ One\ App.app/Firebase_FirebaseCoreExtension.bundle -scanforprivacyfile /Users/user22/Library/Developer/Xcode/DerivedData/Dialysis_One_App-birxnlmksgtzxngoweahpklsdoui/Build/Products/Debug-iphonesimulator/Dialysis\ One\ App.app/Firebase_FirebaseCoreInternal.bundle -scanforprivacyfile /Users/user22/Library/Developer/Xcode/DerivedData/Dialysis_One_App-birxnlmksgtzxngoweahpklsdoui/Build/Products/Debug-iphonesimulator/Dialysis\ One\ App.app/GTMSessionFetcher_GTMSessionFetcherCore.bundle -scanforprivacyfile /Users/user22/Library/Developer/Xcode/DerivedData/Dialysis_One_App-birxnlmksgtzxngoweahpklsdoui/Build/Products/Debug-iphonesimulator/Dialysis\ One\ App.app/GoogleUtilities_GoogleUtilities-AppDelegateSwizzler.bundle -scanforprivacyfile /Users/user22/Library/Developer/Xcode/DerivedData/Dialysis_One_App-birxnlmksgtzxngoweahpklsdoui/Build/Products/Debug-iphonesimulator/Dialysis\ One\ App.app/GoogleUtilities_GoogleUtilities-Environment.bundle -scanforprivacyfile /Users/user22/Library/Developer/Xcode/DerivedData/Dialysis_One_App-birxnlmksgtzxngoweahpklsdoui/Build/Products/Debug-iphonesimulator/Dialysis\ One\ App.app/GoogleUtilities_GoogleUtilities-Logger.bundle -scanforprivacyfile /Users/user22/Library/Developer/Xcode/DerivedData/Dialysis_One_App-birxnlmksgtzxngoweahpklsdoui/Build/Products/Debug-iphonesimulator/Dialysis\ One\ App.app/GoogleUtilities_GoogleUtilities-NSData.bundle -scanforprivacyfile /Users/user22/Library/Developer/Xcode/DerivedData/Dialysis_One_App-birxnlmksgtzxngoweahpklsdoui/Build/Products/Debug-iphonesimulator/Dialysis\ One\ App.app/GoogleUtilities_GoogleUtilities-Network.bundle -scanforprivacyfile /Users/user22/Library/Developer/Xcode/DerivedData/Dialysis_One_App-birxnlmksgtzxngoweahpklsdoui/Build/Products/Debug-iphonesimulator/Dialysis\ One\ App.app/GoogleUtilities_GoogleUtilities-Reachability.bundle -scanforprivacyfile /Users/user22/Library/Developer/Xcode/DerivedData/Dialysis_One_App-birxnlmksgtzxngoweahpklsdoui/Build/Products/Debug-iphonesimulator/Dialysis\ One\ App.app/Watch/DialysisOneWatch\ Watch\ App.app -scanforprivacyfile /Users/user22/Library/Developer/Xcode/DerivedData/Dialysis_One_App-birxnlmksgtzxngoweahpklsdoui/Build/Products/Debug-iphonesimulator/Dialysis\ One\ App.app/swift-crypto_Crypto.bundle -o /Users/user22/Library/Developer/Xcode/DerivedData/Dialysis_One_App-birxnlmksgtzxngoweahpklsdoui/Build/Products/Debug-iphonesimulator/Dialysis\ One\ App.app/Info.plist

CopySwiftLibs /Users/user22/Library/Developer/Xcode/DerivedData/Dialysis_One_App-birxnlmksgtzxngoweahpklsdoui/Build/Products/Debug-iphonesimulator/Dialysis\ One\ App.app (in target 'Dialysis One App' from project 'Dialysis One App')
    cd /Users/user22/Desktop/Dialysis\ One\ App
    builtin-swiftStdLibTool --copy --verbose --sign - --scan-executable /Users/user22/Library/Developer/Xcode/DerivedData/Dialysis_One_App-birxnlmksgtzxngoweahpklsdoui/Build/Products/Debug-iphonesimulator/Dialysis\ One\ App.app/Dialysis\ One\ App.debug.dylib --scan-folder /Users/user22/Library/Developer/Xcode/DerivedData/Dialysis_One_App-birxnlmksgtzxngoweahpklsdoui/Build/Products/Debug-iphonesimulator/Dialysis\ One\ App.app/Frameworks --scan-folder /Users/user22/Library/Developer/Xcode/DerivedData/Dialysis_One_App-birxnlmksgtzxngoweahpklsdoui/Build/Products/Debug-iphonesimulator/Dialysis\ One\ App.app/PlugIns --scan-folder /Users/user22/Library/Developer/Xcode/DerivedData/Dialysis_One_App-birxnlmksgtzxngoweahpklsdoui/Build/Products/Debug-iphonesimulator/Dialysis\ One\ App.app/SystemExtensions --scan-folder /Users/user22/Library/Developer/Xcode/DerivedData/Dialysis_One_App-birxnlmksgtzxngoweahpklsdoui/Build/Products/Debug-iphonesimulator/Dialysis\ One\ App.app/Extensions --platform iphonesimulator --toolchain /Applications/Xcode.app/Contents/Developer/Toolchains/XcodeDefault.xctoolchain --destination /Users/user22/Library/Developer/Xcode/DerivedData/Dialysis_One_App-birxnlmksgtzxngoweahpklsdoui/Build/Products/Debug-iphonesimulator/Dialysis\ One\ App.app/Frameworks --strip-bitcode --strip-bitcode-tool /Applications/Xcode.app/Contents/Developer/Toolchains/XcodeDefault.xctoolchain/usr/bin/bitcode_strip --emit-dependency-info /Users/user22/Library/Developer/Xcode/DerivedData/Dialysis_One_App-birxnlmksgtzxngoweahpklsdoui/Build/Intermediates.noindex/Dialysis\ One\ App.build/Debug-iphonesimulator/Dialysis\ One\ App.build/SwiftStdLibToolInputDependencies.dep --filter-for-swift-os --back-deploy-swift-span

** BUILD SUCCEEDED **

