Command line invocation:
    /Applications/Xcode.app/Contents/Developer/usr/bin/xcodebuild -project "Dialysis One App.xcodeproj" -scheme "DialysisOneWatch Watch App" -destination "generic/platform=watchOS Simulator" build

Resolve Package Graph


Resolved source packages:
  swift-concurrency-extras: https://github.com/pointfreeco/swift-concurrency-extras @ 1.3.2
  GTMSessionFetcher: https://github.com/google/gtm-session-fetcher.git @ 5.0.0
  swift-http-types: https://github.com/apple/swift-http-types.git @ 1.5.1
  InteropForGoogle: https://github.com/google/interop-ios-for-google-sdks.git @ 101.0.0
  AppCheck: https://github.com/google/app-check.git @ 11.2.0
  SwiftProtobuf: https://github.com/apple/swift-protobuf.git @ 1.33.3
  GoogleAdsOnDeviceConversion: https://github.com/googleads/google-ads-on-device-conversion-ios-sdk @ 3.2.0
  Firebase: https://github.com/firebase/firebase-ios-sdk.git @ 12.5.0
  GoogleUtilities: https://github.com/google/GoogleUtilities.git @ 8.1.0
  swift-asn1: https://github.com/apple/swift-asn1.git @ 1.5.0
  GoogleAppMeasurement: https://github.com/google/GoogleAppMeasurement.git @ 12.5.0
  nanopb: https://github.com/firebase/nanopb.git @ 2.30910.0
  abseil: https://github.com/google/abseil-cpp-binary.git @ 1.2024072200.0
  Supabase: https://github.com/supabase/supabase-swift @ 2.37.0
  leveldb: https://github.com/firebase/leveldb.git @ 1.22.5
  swift-clocks: https://github.com/pointfreeco/swift-clocks @ 1.0.6
  swift-crypto: https://github.com/apple/swift-crypto.git @ 4.1.0
  xctest-dynamic-overlay: https://github.com/pointfreeco/xctest-dynamic-overlay @ 1.7.0
  GoogleDataTransport: https://github.com/google/GoogleDataTransport.git @ 10.1.0
  gRPC: https://github.com/google/grpc-binary.git @ 1.69.1
  Promises: https://github.com/google/promises.git @ 2.4.0

ComputePackagePrebuildTargetDependencyGraph

Prepare packages

CreateBuildRequest

SendProjectDescription

CreateBuildOperation

ComputeTargetDependencyGraph
note: Building targets in dependency order
note: Target dependency graph (65 targets)
    Target 'Dialysis One App' in project 'Dialysis One App'
        ➜ Explicit dependency on target 'DialysisOneWatch Watch App' in project 'Dialysis One App'
        ➜ Explicit dependency on target 'PostgREST' in project 'Supabase'
        ➜ Explicit dependency on target 'Functions' in project 'Supabase'
        ➜ Explicit dependency on target 'Supabase' in project 'Supabase'
        ➜ Explicit dependency on target 'Auth' in project 'Supabase'
        ➜ Explicit dependency on target 'Storage' in project 'Supabase'
        ➜ Explicit dependency on target 'FirebaseAuth' in project 'Firebase'
        ➜ Explicit dependency on target 'FirebaseCore' in project 'Firebase'
        ➜ Explicit dependency on target 'Realtime' in project 'Supabase'
    Target 'Realtime' in project 'Supabase'
        ➜ Explicit dependency on target 'Realtime' in project 'Supabase'
        ➜ Explicit dependency on target 'Helpers' in project 'Supabase'
        ➜ Explicit dependency on target 'ConcurrencyExtras' in project 'swift-concurrency-extras'
        ➜ Explicit dependency on target 'HTTPTypes' in project 'swift-http-types'
        ➜ Explicit dependency on target 'Clocks' in project 'swift-clocks'
        ➜ Explicit dependency on target 'XCTestDynamicOverlay' in project 'xctest-dynamic-overlay'
        ➜ Explicit dependency on target 'IssueReporting' in project 'xctest-dynamic-overlay'
    Target 'FirebaseCore' in project 'Firebase'
        ➜ Explicit dependency on target 'FirebaseCore' in project 'Firebase'
        ➜ Explicit dependency on target 'Firebase_FirebaseCore' in project 'Firebase'
        ➜ Explicit dependency on target 'Firebase' in project 'Firebase'
        ➜ Explicit dependency on target 'FirebaseCoreInternal' in project 'Firebase'
        ➜ Explicit dependency on target 'GULNSData' in project 'GoogleUtilities'
        ➜ Explicit dependency on target 'GULEnvironment' in project 'GoogleUtilities'
        ➜ Explicit dependency on target 'GULLogger' in project 'GoogleUtilities'
    Target 'FirebaseAuth' in project 'Firebase'
        ➜ Explicit dependency on target 'FirebaseAuth' in project 'Firebase'
        ➜ Explicit dependency on target 'Firebase_FirebaseAuth' in project 'Firebase'
        ➜ Explicit dependency on target 'FirebaseAppCheckInterop' in project 'Firebase'
        ➜ Explicit dependency on target 'FirebaseAuthInterop' in project 'Firebase'
        ➜ Explicit dependency on target 'FirebaseAuthInternal' in project 'Firebase'
        ➜ Explicit dependency on target 'Firebase' in project 'Firebase'
        ➜ Explicit dependency on target 'FirebaseCoreInternal' in project 'Firebase'
        ➜ Explicit dependency on target 'FirebaseCore' in project 'Firebase'
        ➜ Explicit dependency on target 'FirebaseCoreExtension' in project 'Firebase'
        ➜ Explicit dependency on target 'RecaptchaInterop' in project 'InteropForGoogle'
        ➜ Explicit dependency on target 'GULNSData' in project 'GoogleUtilities'
        ➜ Explicit dependency on target 'GULEnvironment' in project 'GoogleUtilities'
        ➜ Explicit dependency on target 'GULLogger' in project 'GoogleUtilities'
        ➜ Explicit dependency on target 'GULAppDelegateSwizzler' in project 'GoogleUtilities'
        ➜ Explicit dependency on target 'GTMSessionFetcherCore' in project 'GTMSessionFetcher'
    Target 'FirebaseAuth' in project 'Firebase'
        ➜ Explicit dependency on target 'Firebase_FirebaseAuth' in project 'Firebase'
        ➜ Explicit dependency on target 'FirebaseAppCheckInterop' in project 'Firebase'
        ➜ Explicit dependency on target 'FirebaseAuthInterop' in project 'Firebase'
        ➜ Explicit dependency on target 'FirebaseAuthInternal' in project 'Firebase'
        ➜ Explicit dependency on target 'Firebase' in project 'Firebase'
        ➜ Explicit dependency on target 'FirebaseCoreInternal' in project 'Firebase'
        ➜ Explicit dependency on target 'FirebaseCore' in project 'Firebase'
        ➜ Explicit dependency on target 'FirebaseCoreExtension' in project 'Firebase'
        ➜ Explicit dependency on target 'RecaptchaInterop' in project 'InteropForGoogle'
        ➜ Explicit dependency on target 'GULNSData' in project 'GoogleUtilities'
        ➜ Explicit dependency on target 'GULEnvironment' in project 'GoogleUtilities'
        ➜ Explicit dependency on target 'GULLogger' in project 'GoogleUtilities'
        ➜ Explicit dependency on target 'GULAppDelegateSwizzler' in project 'GoogleUtilities'
        ➜ Explicit dependency on target 'GTMSessionFetcherCore' in project 'GTMSessionFetcher'
    Target 'GTMSessionFetcherCore' in project 'GTMSessionFetcher'
        ➜ Explicit dependency on target 'GTMSessionFetcherCore' in project 'GTMSessionFetcher'
        ➜ Explicit dependency on target 'GTMSessionFetcher_GTMSessionFetcherCore' in project 'GTMSessionFetcher'
    Target 'GTMSessionFetcherCore' in project 'GTMSessionFetcher'
        ➜ Explicit dependency on target 'GTMSessionFetcher_GTMSessionFetcherCore' in project 'GTMSessionFetcher'
    Target 'GTMSessionFetcher_GTMSessionFetcherCore' in project 'GTMSessionFetcher' (no dependencies)
    Target 'GULAppDelegateSwizzler' in project 'GoogleUtilities'
        ➜ Explicit dependency on target 'GoogleUtilities-AppDelegateSwizzler' in project 'GoogleUtilities'
        ➜ Explicit dependency on target 'GoogleUtilities_GoogleUtilities-AppDelegateSwizzler' in project 'GoogleUtilities'
        ➜ Explicit dependency on target 'third-party-IsAppEncrypted' in project 'GoogleUtilities'
        ➜ Explicit dependency on target 'GoogleUtilities-Environment' in project 'GoogleUtilities'
        ➜ Explicit dependency on target 'GoogleUtilities-Logger' in project 'GoogleUtilities'
        ➜ Explicit dependency on target 'GoogleUtilities-NSData' in project 'GoogleUtilities'
        ➜ Explicit dependency on target 'GoogleUtilities-Reachability' in project 'GoogleUtilities'
        ➜ Explicit dependency on target 'GoogleUtilities-Network' in project 'GoogleUtilities'
    Target 'GoogleUtilities-AppDelegateSwizzler' in project 'GoogleUtilities'
        ➜ Explicit dependency on target 'GoogleUtilities_GoogleUtilities-AppDelegateSwizzler' in project 'GoogleUtilities'
        ➜ Explicit dependency on target 'third-party-IsAppEncrypted' in project 'GoogleUtilities'
        ➜ Explicit dependency on target 'GoogleUtilities-Environment' in project 'GoogleUtilities'
        ➜ Explicit dependency on target 'GoogleUtilities-Logger' in project 'GoogleUtilities'
        ➜ Explicit dependency on target 'GoogleUtilities-NSData' in project 'GoogleUtilities'
        ➜ Explicit dependency on target 'GoogleUtilities-Reachability' in project 'GoogleUtilities'
        ➜ Explicit dependency on target 'GoogleUtilities-Network' in project 'GoogleUtilities'
    Target 'GoogleUtilities-Network' in project 'GoogleUtilities'
        ➜ Explicit dependency on target 'GoogleUtilities_GoogleUtilities-Network' in project 'GoogleUtilities'
        ➜ Explicit dependency on target 'third-party-IsAppEncrypted' in project 'GoogleUtilities'
        ➜ Explicit dependency on target 'GoogleUtilities-Environment' in project 'GoogleUtilities'
        ➜ Explicit dependency on target 'GoogleUtilities-Logger' in project 'GoogleUtilities'
        ➜ Explicit dependency on target 'GoogleUtilities-NSData' in project 'GoogleUtilities'
        ➜ Explicit dependency on target 'GoogleUtilities-Reachability' in project 'GoogleUtilities'
    Target 'GoogleUtilities_GoogleUtilities-Network' in project 'GoogleUtilities' (no dependencies)
    Target 'GoogleUtilities-Reachability' in project 'GoogleUtilities'
        ➜ Explicit dependency on target 'GoogleUtilities_GoogleUtilities-Reachability' in project 'GoogleUtilities'
        ➜ Explicit dependency on target 'third-party-IsAppEncrypted' in project 'GoogleUtilities'
        ➜ Explicit dependency on target 'GoogleUtilities-Environment' in project 'GoogleUtilities'
        ➜ Explicit dependency on target 'GoogleUtilities-Logger' in project 'GoogleUtilities'
    Target 'GoogleUtilities_GoogleUtilities-Reachability' in project 'GoogleUtilities' (no dependencies)
    Target 'GoogleUtilities_GoogleUtilities-AppDelegateSwizzler' in project 'GoogleUtilities' (no dependencies)
    Target 'FirebaseCoreExtension' in project 'Firebase'
        ➜ Explicit dependency on target 'Firebase_FirebaseCoreExtension' in project 'Firebase'
    Target 'Firebase_FirebaseCoreExtension' in project 'Firebase' (no dependencies)
    Target 'FirebaseCore' in project 'Firebase'
        ➜ Explicit dependency on target 'Firebase_FirebaseCore' in project 'Firebase'
        ➜ Explicit dependency on target 'Firebase' in project 'Firebase'
        ➜ Explicit dependency on target 'FirebaseCoreInternal' in project 'Firebase'
        ➜ Explicit dependency on target 'GULNSData' in project 'GoogleUtilities'
        ➜ Explicit dependency on target 'GULEnvironment' in project 'GoogleUtilities'
        ➜ Explicit dependency on target 'GULLogger' in project 'GoogleUtilities'
    Target 'GULLogger' in project 'GoogleUtilities'
        ➜ Explicit dependency on target 'GoogleUtilities-Logger' in project 'GoogleUtilities'
        ➜ Explicit dependency on target 'GoogleUtilities_GoogleUtilities-Logger' in project 'GoogleUtilities'
        ➜ Explicit dependency on target 'third-party-IsAppEncrypted' in project 'GoogleUtilities'
        ➜ Explicit dependency on target 'GoogleUtilities-Environment' in project 'GoogleUtilities'
    Target 'GoogleUtilities-Logger' in project 'GoogleUtilities'
        ➜ Explicit dependency on target 'GoogleUtilities_GoogleUtilities-Logger' in project 'GoogleUtilities'
        ➜ Explicit dependency on target 'third-party-IsAppEncrypted' in project 'GoogleUtilities'
        ➜ Explicit dependency on target 'GoogleUtilities-Environment' in project 'GoogleUtilities'
    Target 'GoogleUtilities_GoogleUtilities-Logger' in project 'GoogleUtilities' (no dependencies)
    Target 'GULEnvironment' in project 'GoogleUtilities'
        ➜ Explicit dependency on target 'GoogleUtilities-Environment' in project 'GoogleUtilities'
        ➜ Explicit dependency on target 'GoogleUtilities_GoogleUtilities-Environment' in project 'GoogleUtilities'
        ➜ Explicit dependency on target 'third-party-IsAppEncrypted' in project 'GoogleUtilities'
    Target 'GoogleUtilities-Environment' in project 'GoogleUtilities'
        ➜ Explicit dependency on target 'GoogleUtilities_GoogleUtilities-Environment' in project 'GoogleUtilities'
        ➜ Explicit dependency on target 'third-party-IsAppEncrypted' in project 'GoogleUtilities'
    Target 'third-party-IsAppEncrypted' in project 'GoogleUtilities' (no dependencies)
    Target 'GoogleUtilities_GoogleUtilities-Environment' in project 'GoogleUtilities' (no dependencies)
    Target 'Firebase_FirebaseCore' in project 'Firebase' (no dependencies)
    Target 'FirebaseCoreInternal' in project 'Firebase'
        ➜ Explicit dependency on target 'Firebase_FirebaseCoreInternal' in project 'Firebase'
        ➜ Explicit dependency on target 'GULNSData' in project 'GoogleUtilities'
    Target 'GULNSData' in project 'GoogleUtilities'
        ➜ Explicit dependency on target 'GoogleUtilities-NSData' in project 'GoogleUtilities'
        ➜ Explicit dependency on target 'GoogleUtilities_GoogleUtilities-NSData' in project 'GoogleUtilities'
    Target 'GoogleUtilities-NSData' in project 'GoogleUtilities'
        ➜ Explicit dependency on target 'GoogleUtilities_GoogleUtilities-NSData' in project 'GoogleUtilities'
    Target 'GoogleUtilities_GoogleUtilities-NSData' in project 'GoogleUtilities' (no dependencies)
    Target 'Firebase_FirebaseCoreInternal' in project 'Firebase' (no dependencies)
    Target 'Firebase' in project 'Firebase' (no dependencies)
    Target 'FirebaseAuthInternal' in project 'Firebase'
        ➜ Explicit dependency on target 'RecaptchaInterop' in project 'InteropForGoogle'
    Target 'RecaptchaInterop' in project 'InteropForGoogle'
        ➜ Explicit dependency on target 'RecaptchaInterop' in project 'InteropForGoogle'
    Target 'RecaptchaInterop' in project 'InteropForGoogle' (no dependencies)
    Target 'FirebaseAuthInterop' in project 'Firebase' (no dependencies)
    Target 'FirebaseAppCheckInterop' in project 'Firebase' (no dependencies)
    Target 'Firebase_FirebaseAuth' in project 'Firebase' (no dependencies)
    Target 'Storage' in project 'Supabase'
        ➜ Explicit dependency on target 'Storage' in project 'Supabase'
        ➜ Explicit dependency on target 'Helpers' in project 'Supabase'
        ➜ Explicit dependency on target 'ConcurrencyExtras' in project 'swift-concurrency-extras'
        ➜ Explicit dependency on target 'HTTPTypes' in project 'swift-http-types'
        ➜ Explicit dependency on target 'Clocks' in project 'swift-clocks'
        ➜ Explicit dependency on target 'XCTestDynamicOverlay' in project 'xctest-dynamic-overlay'
    Target 'Auth' in project 'Supabase'
        ➜ Explicit dependency on target 'Auth' in project 'Supabase'
        ➜ Explicit dependency on target 'Helpers' in project 'Supabase'
        ➜ Explicit dependency on target 'ConcurrencyExtras' in project 'swift-concurrency-extras'
        ➜ Explicit dependency on target 'HTTPTypes' in project 'swift-http-types'
        ➜ Explicit dependency on target 'Clocks' in project 'swift-clocks'
        ➜ Explicit dependency on target 'XCTestDynamicOverlay' in project 'xctest-dynamic-overlay'
        ➜ Explicit dependency on target 'Crypto' in project 'swift-crypto'
    Target 'Supabase' in project 'Supabase'
        ➜ Explicit dependency on target 'Supabase' in project 'Supabase'
        ➜ Explicit dependency on target 'Functions' in project 'Supabase'
        ➜ Explicit dependency on target 'PostgREST' in project 'Supabase'
        ➜ Explicit dependency on target 'Auth' in project 'Supabase'
        ➜ Explicit dependency on target 'Realtime' in project 'Supabase'
        ➜ Explicit dependency on target 'Storage' in project 'Supabase'
        ➜ Explicit dependency on target 'Helpers' in project 'Supabase'
        ➜ Explicit dependency on target 'ConcurrencyExtras' in project 'swift-concurrency-extras'
        ➜ Explicit dependency on target 'HTTPTypes' in project 'swift-http-types'
        ➜ Explicit dependency on target 'Clocks' in project 'swift-clocks'
        ➜ Explicit dependency on target 'XCTestDynamicOverlay' in project 'xctest-dynamic-overlay'
        ➜ Explicit dependency on target 'Crypto' in project 'swift-crypto'
        ➜ Explicit dependency on target 'IssueReporting' in project 'xctest-dynamic-overlay'
    Target 'Supabase' in project 'Supabase'
        ➜ Explicit dependency on target 'Helpers' in project 'Supabase'
        ➜ Explicit dependency on target 'Auth' in project 'Supabase'
        ➜ Explicit dependency on target 'Functions' in project 'Supabase'
        ➜ Explicit dependency on target 'PostgREST' in project 'Supabase'
        ➜ Explicit dependency on target 'Realtime' in project 'Supabase'
        ➜ Explicit dependency on target 'Storage' in project 'Supabase'
        ➜ Explicit dependency on target 'ConcurrencyExtras' in project 'swift-concurrency-extras'
        ➜ Explicit dependency on target 'HTTPTypes' in project 'swift-http-types'
        ➜ Explicit dependency on target 'Clocks' in project 'swift-clocks'
        ➜ Explicit dependency on target 'XCTestDynamicOverlay' in project 'xctest-dynamic-overlay'
        ➜ Explicit dependency on target 'Crypto' in project 'swift-crypto'
        ➜ Explicit dependency on target 'IssueReporting' in project 'xctest-dynamic-overlay'
    Target 'Storage' in project 'Supabase'
        ➜ Explicit dependency on target 'Helpers' in project 'Supabase'
        ➜ Explicit dependency on target 'ConcurrencyExtras' in project 'swift-concurrency-extras'
        ➜ Explicit dependency on target 'HTTPTypes' in project 'swift-http-types'
        ➜ Explicit dependency on target 'Clocks' in project 'swift-clocks'
        ➜ Explicit dependency on target 'XCTestDynamicOverlay' in project 'xctest-dynamic-overlay'
    Target 'Realtime' in project 'Supabase'
        ➜ Explicit dependency on target 'Helpers' in project 'Supabase'
        ➜ Explicit dependency on target 'ConcurrencyExtras' in project 'swift-concurrency-extras'
        ➜ Explicit dependency on target 'HTTPTypes' in project 'swift-http-types'
        ➜ Explicit dependency on target 'Clocks' in project 'swift-clocks'
        ➜ Explicit dependency on target 'XCTestDynamicOverlay' in project 'xctest-dynamic-overlay'
        ➜ Explicit dependency on target 'IssueReporting' in project 'xctest-dynamic-overlay'
    Target 'Auth' in project 'Supabase'
        ➜ Explicit dependency on target 'Helpers' in project 'Supabase'
        ➜ Explicit dependency on target 'ConcurrencyExtras' in project 'swift-concurrency-extras'
        ➜ Explicit dependency on target 'HTTPTypes' in project 'swift-http-types'
        ➜ Explicit dependency on target 'Clocks' in project 'swift-clocks'
        ➜ Explicit dependency on target 'XCTestDynamicOverlay' in project 'xctest-dynamic-overlay'
        ➜ Explicit dependency on target 'Crypto' in project 'swift-crypto'
    Target 'Crypto' in project 'swift-crypto'
        ➜ Explicit dependency on target 'Crypto' in project 'swift-crypto'
        ➜ Explicit dependency on target 'swift-crypto_Crypto' in project 'swift-crypto'
    Target 'Crypto' in project 'swift-crypto'
        ➜ Explicit dependency on target 'swift-crypto_Crypto' in project 'swift-crypto'
    Target 'swift-crypto_Crypto' in project 'swift-crypto' (no dependencies)
    Target 'Functions' in project 'Supabase'
        ➜ Explicit dependency on target 'Functions' in project 'Supabase'
        ➜ Explicit dependency on target 'Helpers' in project 'Supabase'
        ➜ Explicit dependency on target 'ConcurrencyExtras' in project 'swift-concurrency-extras'
        ➜ Explicit dependency on target 'HTTPTypes' in project 'swift-http-types'
        ➜ Explicit dependency on target 'Clocks' in project 'swift-clocks'
        ➜ Explicit dependency on target 'XCTestDynamicOverlay' in project 'xctest-dynamic-overlay'
    Target 'Functions' in project 'Supabase'
        ➜ Explicit dependency on target 'Helpers' in project 'Supabase'
        ➜ Explicit dependency on target 'ConcurrencyExtras' in project 'swift-concurrency-extras'
        ➜ Explicit dependency on target 'HTTPTypes' in project 'swift-http-types'
        ➜ Explicit dependency on target 'Clocks' in project 'swift-clocks'
        ➜ Explicit dependency on target 'XCTestDynamicOverlay' in project 'xctest-dynamic-overlay'
    Target 'PostgREST' in project 'Supabase'
        ➜ Explicit dependency on target 'PostgREST' in project 'Supabase'
        ➜ Explicit dependency on target 'Helpers' in project 'Supabase'
        ➜ Explicit dependency on target 'ConcurrencyExtras' in project 'swift-concurrency-extras'
        ➜ Explicit dependency on target 'HTTPTypes' in project 'swift-http-types'
        ➜ Explicit dependency on target 'Clocks' in project 'swift-clocks'
        ➜ Explicit dependency on target 'XCTestDynamicOverlay' in project 'xctest-dynamic-overlay'
    Target 'PostgREST' in project 'Supabase'
        ➜ Explicit dependency on target 'Helpers' in project 'Supabase'
        ➜ Explicit dependency on target 'ConcurrencyExtras' in project 'swift-concurrency-extras'
        ➜ Explicit dependency on target 'HTTPTypes' in project 'swift-http-types'
        ➜ Explicit dependency on target 'Clocks' in project 'swift-clocks'
        ➜ Explicit dependency on target 'XCTestDynamicOverlay' in project 'xctest-dynamic-overlay'
    Target 'Helpers' in project 'Supabase'
        ➜ Explicit dependency on target 'ConcurrencyExtras' in project 'swift-concurrency-extras'
        ➜ Explicit dependency on target 'HTTPTypes' in project 'swift-http-types'
        ➜ Explicit dependency on target 'Clocks' in project 'swift-clocks'
        ➜ Explicit dependency on target 'XCTestDynamicOverlay' in project 'xctest-dynamic-overlay'
    Target 'XCTestDynamicOverlay' in project 'xctest-dynamic-overlay'
        ➜ Explicit dependency on target 'XCTestDynamicOverlay' in project 'xctest-dynamic-overlay'
        ➜ Explicit dependency on target 'IssueReportingPackageSupport' in project 'xctest-dynamic-overlay'
        ➜ Explicit dependency on target 'IssueReporting' in project 'xctest-dynamic-overlay'
    Target 'XCTestDynamicOverlay' in project 'xctest-dynamic-overlay'
        ➜ Explicit dependency on target 'IssueReportingPackageSupport' in project 'xctest-dynamic-overlay'
        ➜ Explicit dependency on target 'IssueReporting' in project 'xctest-dynamic-overlay'
    Target 'Clocks' in project 'swift-clocks'
        ➜ Explicit dependency on target 'Clocks' in project 'swift-clocks'
        ➜ Explicit dependency on target 'ConcurrencyExtras' in project 'swift-concurrency-extras'
        ➜ Explicit dependency on target 'IssueReporting' in project 'xctest-dynamic-overlay'
    Target 'Clocks' in project 'swift-clocks'
        ➜ Explicit dependency on target 'ConcurrencyExtras' in project 'swift-concurrency-extras'
        ➜ Explicit dependency on target 'IssueReporting' in project 'xctest-dynamic-overlay'
    Target 'IssueReporting' in project 'xctest-dynamic-overlay'
        ➜ Explicit dependency on target 'IssueReporting' in project 'xctest-dynamic-overlay'
        ➜ Explicit dependency on target 'IssueReportingPackageSupport' in project 'xctest-dynamic-overlay'
    Target 'IssueReporting' in project 'xctest-dynamic-overlay'
        ➜ Explicit dependency on target 'IssueReportingPackageSupport' in project 'xctest-dynamic-overlay'
    Target 'IssueReportingPackageSupport' in project 'xctest-dynamic-overlay' (no dependencies)
    Target 'HTTPTypes' in project 'swift-http-types'
        ➜ Explicit dependency on target 'HTTPTypes' in project 'swift-http-types'
    Target 'HTTPTypes' in project 'swift-http-types' (no dependencies)
    Target 'ConcurrencyExtras' in project 'swift-concurrency-extras'
        ➜ Explicit dependency on target 'ConcurrencyExtras' in project 'swift-concurrency-extras'
    Target 'ConcurrencyExtras' in project 'swift-concurrency-extras' (no dependencies)
    Target 'DialysisOneWatch Watch App' in project 'Dialysis One App' (no dependencies)

GatherProvisioningInputs

CreateBuildDescription

ExecuteExternalTool /Applications/Xcode.app/Contents/Developer/Toolchains/XcodeDefault.xctoolchain/usr/bin/swiftc --version

ExecuteExternalTool /Applications/Xcode.app/Contents/Developer/usr/bin/actool --print-asset-tag-combinations --output-format xml1 /Users/user22/Desktop/Dialysis One App/DialysisOneWatch Watch App/Assets.xcassets

ExecuteExternalTool /Applications/Xcode.app/Contents/Developer/Toolchains/XcodeDefault.xctoolchain/usr/bin/clang -v -E -dM -arch arm64 -isysroot /Applications/Xcode.app/Contents/Developer/Platforms/iPhoneSimulator.platform/Developer/SDKs/iPhoneSimulator26.2.sdk -x objective-c -c /dev/null

ExecuteExternalTool /Applications/Xcode.app/Contents/Developer/Toolchains/XcodeDefault.xctoolchain/usr/bin/clang -v -E -dM -isysroot /Applications/Xcode.app/Contents/Developer/Platforms/WatchSimulator.platform/Developer/SDKs/WatchSimulator26.2.sdk -x c -c /dev/null

ExecuteExternalTool /Applications/Xcode.app/Contents/Developer/usr/bin/ibtool --version --output-format xml1

ExecuteExternalTool /Applications/Xcode.app/Contents/Developer/usr/bin/actool --print-asset-tag-combinations --output-format xml1 /Users/user22/Desktop/Dialysis One App/Dialysis One App/Resources/Assets.xcassets

ExecuteExternalTool /Applications/Xcode.app/Contents/Developer/Toolchains/XcodeDefault.xctoolchain/usr/bin/clang -v -E -dM -isysroot /Applications/Xcode.app/Contents/Developer/Platforms/iPhoneSimulator.platform/Developer/SDKs/iPhoneSimulator26.2.sdk -x c -c /dev/null

ExecuteExternalTool /Applications/Xcode.app/Contents/Developer/Toolchains/XcodeDefault.xctoolchain/usr/bin/clang -v -E -dM -arch arm64 -isysroot /Applications/Xcode.app/Contents/Developer/Platforms/iPhoneSimulator.platform/Developer/SDKs/iPhoneSimulator26.2.sdk -x c -c /dev/null

ExecuteExternalTool /Applications/Xcode.app/Contents/Developer/Toolchains/XcodeDefault.xctoolchain/usr/bin/ld -version_details

ReadFileContents /Applications/Xcode.app/Contents/Developer/Toolchains/XcodeDefault.xctoolchain/usr/share/docc/features.json

ExecuteExternalTool /Applications/Xcode.app/Contents/Developer/Toolchains/XcodeDefault.xctoolchain/usr/bin/clang -v -E -dM -arch x86_64 -isysroot /Applications/Xcode.app/Contents/Developer/Platforms/iPhoneSimulator.platform/Developer/SDKs/iPhoneSimulator26.2.sdk -x objective-c -c /dev/null

ExecuteExternalTool /Applications/Xcode.app/Contents/Developer/Toolchains/XcodeDefault.xctoolchain/usr/bin/clang -v -E -dM -arch x86_64 -isysroot /Applications/Xcode.app/Contents/Developer/Platforms/iPhoneSimulator.platform/Developer/SDKs/iPhoneSimulator26.2.sdk -x c -c /dev/null

ExecuteExternalTool /Applications/Xcode.app/Contents/Developer/usr/bin/actool --version --output-format xml1

Build description signature: b82d08ba11a62dacc9ff78daa62d8d25
Build description path: /Users/user22/Library/Developer/Xcode/DerivedData/Dialysis_One_App-birxnlmksgtzxngoweahpklsdoui/Build/Intermediates.noindex/XCBuildData/b82d08ba11a62dacc9ff78daa62d8d25.xcbuilddata
ClangStatCache /Applications/Xcode.app/Contents/Developer/Toolchains/XcodeDefault.xctoolchain/usr/bin/clang-stat-cache /Applications/Xcode.app/Contents/Developer/Platforms/iPhoneSimulator.platform/Developer/SDKs/iPhoneSimulator26.2.sdk /Users/user22/Library/Developer/Xcode/DerivedData/SDKStatCaches.noindex/iphonesimulator26.2-23C57-7d00a8b37fbd7999ea79df8ebc024bf0.sdkstatcache
    cd /Users/user22/Desktop/Dialysis\ One\ App/Dialysis\ One\ App.xcodeproj
    /Applications/Xcode.app/Contents/Developer/Toolchains/XcodeDefault.xctoolchain/usr/bin/clang-stat-cache /Applications/Xcode.app/Contents/Developer/Platforms/iPhoneSimulator.platform/Developer/SDKs/iPhoneSimulator26.2.sdk -o /Users/user22/Library/Developer/Xcode/DerivedData/SDKStatCaches.noindex/iphonesimulator26.2-23C57-7d00a8b37fbd7999ea79df8ebc024bf0.sdkstatcache

ClangStatCache /Applications/Xcode.app/Contents/Developer/Toolchains/XcodeDefault.xctoolchain/usr/bin/clang-stat-cache /Applications/Xcode.app/Contents/Developer/Platforms/WatchSimulator.platform/Developer/SDKs/WatchSimulator26.2.sdk /Users/user22/Library/Developer/Xcode/DerivedData/SDKStatCaches.noindex/watchsimulator26.2-23S303-963ebdd26732d23a23bcca82c2045e26.sdkstatcache
    cd /Users/user22/Desktop/Dialysis\ One\ App/Dialysis\ One\ App.xcodeproj
    /Applications/Xcode.app/Contents/Developer/Toolchains/XcodeDefault.xctoolchain/usr/bin/clang-stat-cache /Applications/Xcode.app/Contents/Developer/Platforms/WatchSimulator.platform/Developer/SDKs/WatchSimulator26.2.sdk -o /Users/user22/Library/Developer/Xcode/DerivedData/SDKStatCaches.noindex/watchsimulator26.2-23S303-963ebdd26732d23a23bcca82c2045e26.sdkstatcache

warning: Skipping duplicate build file in Compile Sources build phase: /Users/user22/Desktop/Dialysis One App/DialysisOneWatch Watch App/AppState.swift (in target 'DialysisOneWatch Watch App' from project 'Dialysis One App')
warning: Skipping duplicate build file in Compile Sources build phase: /Users/user22/Desktop/Dialysis One App/DialysisOneWatch Watch App/WatchMedication.swift (in target 'DialysisOneWatch Watch App' from project 'Dialysis One App')
warning: Skipping duplicate build file in Compile Sources build phase: /Users/user22/Desktop/Dialysis One App/DialysisOneWatch Watch App/MainWatchView.swift (in target 'DialysisOneWatch Watch App' from project 'Dialysis One App')
warning: Skipping duplicate build file in Compile Sources build phase: /Users/user22/Desktop/Dialysis One App/DialysisOneWatch Watch App/WorkoutManager.swift (in target 'DialysisOneWatch Watch App' from project 'Dialysis One App')
warning: Skipping duplicate build file in Compile Sources build phase: /Users/user22/Desktop/Dialysis One App/DialysisOneWatch Watch App/AddMedicationWatchView.swift (in target 'DialysisOneWatch Watch App' from project 'Dialysis One App')
warning: Skipping duplicate build file in Compile Sources build phase: /Users/user22/Desktop/Dialysis One App/DialysisOneWatch Watch App/AddWaterWatchView.swift (in target 'DialysisOneWatch Watch App' from project 'Dialysis One App')
warning: Skipping duplicate build file in Compile Sources build phase: /Users/user22/Desktop/Dialysis One App/DialysisOneWatch Watch App/WatchDataManager.swift (in target 'DialysisOneWatch Watch App' from project 'Dialysis One App')
warning: Skipping duplicate build file in Compile Sources build phase: /Users/user22/Desktop/Dialysis One App/DialysisOneWatch Watch App/SummaryCard.swift (in target 'DialysisOneWatch Watch App' from project 'Dialysis One App')
warning: Skipping duplicate build file in Compile Sources build phase: /Users/user22/Desktop/Dialysis One App/DialysisOneWatch Watch App/AddDietWatchView.swift (in target 'DialysisOneWatch Watch App' from project 'Dialysis One App')
warning: Skipping duplicate build file in Compile Sources build phase: /Users/user22/Desktop/Dialysis One App/DialysisOneWatch Watch App/LoggedOutWatchView.swift (in target 'DialysisOneWatch Watch App' from project 'Dialysis One App')
warning: Skipping duplicate build file in Compile Sources build phase: /Users/user22/Desktop/Dialysis One App/DialysisOneWatch Watch App/WatchConnectivityManager.swift (in target 'DialysisOneWatch Watch App' from project 'Dialysis One App')
warning: Skipping duplicate build file in Compile Sources build phase: /Users/user22/Desktop/Dialysis One App/DialysisOneWatch Watch App/HealthKitManager.swift (in target 'DialysisOneWatch Watch App' from project 'Dialysis One App')
warning: Skipping duplicate build file in Compile Sources build phase: /Users/user22/Desktop/Dialysis One App/DialysisOneWatch Watch App/ContentView.swift (in target 'DialysisOneWatch Watch App' from project 'Dialysis One App')
warning: Skipping duplicate build file in Compile Sources build phase: /Users/user22/Desktop/Dialysis One App/DialysisOneWatch Watch App/DialysisOneWatchApp.swift (in target 'DialysisOneWatch Watch App' from project 'Dialysis One App')
warning: Skipping duplicate build file in Compile Sources build phase: /Users/user22/Desktop/Dialysis One App/DialysisOneWatch Watch App/WatchNutritionResult.swift (in target 'DialysisOneWatch Watch App' from project 'Dialysis One App')
warning: Skipping duplicate build file in Compile Sources build phase: /Users/user22/Desktop/Dialysis One App/DialysisOneWatch Watch App/AppState.swift (in target 'DialysisOneWatch Watch App' from project 'Dialysis One App')
warning: Skipping duplicate build file in Compile Sources build phase: /Users/user22/Desktop/Dialysis One App/DialysisOneWatch Watch App/WatchMedication.swift (in target 'DialysisOneWatch Watch App' from project 'Dialysis One App')
warning: Skipping duplicate build file in Compile Sources build phase: /Users/user22/Desktop/Dialysis One App/DialysisOneWatch Watch App/MainWatchView.swift (in target 'DialysisOneWatch Watch App' from project 'Dialysis One App')
warning: Skipping duplicate build file in Compile Sources build phase: /Users/user22/Desktop/Dialysis One App/DialysisOneWatch Watch App/WorkoutManager.swift (in target 'DialysisOneWatch Watch App' from project 'Dialysis One App')
warning: Skipping duplicate build file in Compile Sources build phase: /Users/user22/Desktop/Dialysis One App/DialysisOneWatch Watch App/AddMedicationWatchView.swift (in target 'DialysisOneWatch Watch App' from project 'Dialysis One App')
warning: Skipping duplicate build file in Compile Sources build phase: /Users/user22/Desktop/Dialysis One App/DialysisOneWatch Watch App/AddWaterWatchView.swift (in target 'DialysisOneWatch Watch App' from project 'Dialysis One App')
warning: Skipping duplicate build file in Compile Sources build phase: /Users/user22/Desktop/Dialysis One App/DialysisOneWatch Watch App/WatchDataManager.swift (in target 'DialysisOneWatch Watch App' from project 'Dialysis One App')
warning: Skipping duplicate build file in Compile Sources build phase: /Users/user22/Desktop/Dialysis One App/DialysisOneWatch Watch App/SummaryCard.swift (in target 'DialysisOneWatch Watch App' from project 'Dialysis One App')
warning: Skipping duplicate build file in Compile Sources build phase: /Users/user22/Desktop/Dialysis One App/DialysisOneWatch Watch App/AddDietWatchView.swift (in target 'DialysisOneWatch Watch App' from project 'Dialysis One App')
warning: Skipping duplicate build file in Compile Sources build phase: /Users/user22/Desktop/Dialysis One App/DialysisOneWatch Watch App/LoggedOutWatchView.swift (in target 'DialysisOneWatch Watch App' from project 'Dialysis One App')
warning: Skipping duplicate build file in Compile Sources build phase: /Users/user22/Desktop/Dialysis One App/DialysisOneWatch Watch App/WatchConnectivityManager.swift (in target 'DialysisOneWatch Watch App' from project 'Dialysis One App')
warning: Skipping duplicate build file in Compile Sources build phase: /Users/user22/Desktop/Dialysis One App/DialysisOneWatch Watch App/HealthKitManager.swift (in target 'DialysisOneWatch Watch App' from project 'Dialysis One App')
warning: Skipping duplicate build file in Compile Sources build phase: /Users/user22/Desktop/Dialysis One App/DialysisOneWatch Watch App/ContentView.swift (in target 'DialysisOneWatch Watch App' from project 'Dialysis One App')
warning: Skipping duplicate build file in Compile Sources build phase: /Users/user22/Desktop/Dialysis One App/DialysisOneWatch Watch App/DialysisOneWatchApp.swift (in target 'DialysisOneWatch Watch App' from project 'Dialysis One App')
warning: Skipping duplicate build file in Compile Sources build phase: /Users/user22/Desktop/Dialysis One App/DialysisOneWatch Watch App/WatchNutritionResult.swift (in target 'DialysisOneWatch Watch App' from project 'Dialysis One App')
SwiftDriver DialysisOneWatch\ Watch\ App normal arm64 com.apple.xcode.tools.swift.compiler (in target 'DialysisOneWatch Watch App' from project 'Dialysis One App')
    cd /Users/user22/Desktop/Dialysis\ One\ App
    builtin-SwiftDriver -- /Applications/Xcode.app/Contents/Developer/Toolchains/XcodeDefault.xctoolchain/usr/bin/swiftc -module-name DialysisOneWatch_Watch_App -Onone -enforce-exclusivity\=checked @/Users/user22/Library/Developer/Xcode/DerivedData/Dialysis_One_App-birxnlmksgtzxngoweahpklsdoui/Build/Intermediates.noindex/Dialysis\ One\ App.build/Debug-watchsimulator/DialysisOneWatch\ Watch\ App.build/Objects-normal/arm64/DialysisOneWatch\ Watch\ App.SwiftFileList -DDEBUG -default-isolation\=MainActor -enable-bare-slash-regex -enable-upcoming-feature DisableOutwardActorInference -enable-upcoming-feature InferSendableFromCaptures -enable-upcoming-feature GlobalActorIsolatedTypesUsability -enable-upcoming-feature MemberImportVisibility -enable-upcoming-feature InferIsolatedConformances -enable-upcoming-feature NonisolatedNonsendingByDefault -enable-experimental-feature DebugDescriptionMacro -sdk /Applications/Xcode.app/Contents/Developer/Platforms/WatchSimulator.platform/Developer/SDKs/WatchSimulator26.2.sdk -target arm64-apple-watchos10.6-simulator -g -module-cache-path /Users/user22/Library/Developer/Xcode/DerivedData/ModuleCache.noindex -Xfrontend -serialize-debugging-options -enable-testing -index-store-path /Users/user22/Library/Developer/Xcode/DerivedData/Dialysis_One_App-birxnlmksgtzxngoweahpklsdoui/Index.noindex/DataStore -Xcc -D_LIBCPP_HARDENING_MODE\=_LIBCPP_HARDENING_MODE_DEBUG -swift-version 5 -I /Users/user22/Library/Developer/Xcode/DerivedData/Dialysis_One_App-birxnlmksgtzxngoweahpklsdoui/Build/Products/Debug-watchsimulator -F /Users/user22/Library/Developer/Xcode/DerivedData/Dialysis_One_App-birxnlmksgtzxngoweahpklsdoui/Build/Products/Debug-watchsimulator -emit-localized-strings -emit-localized-strings-path /Users/user22/Library/Developer/Xcode/DerivedData/Dialysis_One_App-birxnlmksgtzxngoweahpklsdoui/Build/Intermediates.noindex/Dialysis\ One\ App.build/Debug-watchsimulator/DialysisOneWatch\ Watch\ App.build/Objects-normal/arm64 -c -j8 -enable-batch-mode -incremental -Xcc -ivfsstatcache -Xcc /Users/user22/Library/Developer/Xcode/DerivedData/SDKStatCaches.noindex/watchsimulator26.2-23S303-963ebdd26732d23a23bcca82c2045e26.sdkstatcache -output-file-map /Users/user22/Library/Developer/Xcode/DerivedData/Dialysis_One_App-birxnlmksgtzxngoweahpklsdoui/Build/Intermediates.noindex/Dialysis\ One\ App.build/Debug-watchsimulator/DialysisOneWatch\ Watch\ App.build/Objects-normal/arm64/DialysisOneWatch\ Watch\ App-OutputFileMap.json -use-frontend-parseable-output -save-temps -no-color-diagnostics -explicit-module-build -module-cache-path /Users/user22/Library/Developer/Xcode/DerivedData/Dialysis_One_App-birxnlmksgtzxngoweahpklsdoui/Build/Intermediates.noindex/SwiftExplicitPrecompiledModules -clang-scanner-module-cache-path /Users/user22/Library/Developer/Xcode/DerivedData/ModuleCache.noindex -sdk-module-cache-path /Users/user22/Library/Developer/Xcode/DerivedData/ModuleCache.noindex -serialize-diagnostics -emit-dependencies -emit-module -emit-module-path /Users/user22/Library/Developer/Xcode/DerivedData/Dialysis_One_App-birxnlmksgtzxngoweahpklsdoui/Build/Intermediates.noindex/Dialysis\ One\ App.build/Debug-watchsimulator/DialysisOneWatch\ Watch\ App.build/Objects-normal/arm64/DialysisOneWatch_Watch_App.swiftmodule -validate-clang-modules-once -clang-build-session-file /Users/user22/Library/Developer/Xcode/DerivedData/ModuleCache.noindex/Session.modulevalidation -Xcc -I/Users/user22/Library/Developer/Xcode/DerivedData/Dialysis_One_App-birxnlmksgtzxngoweahpklsdoui/Build/Intermediates.noindex/Dialysis\ One\ App.build/Debug-watchsimulator/DialysisOneWatch\ Watch\ App.build/swift-overrides.hmap -emit-const-values -Xfrontend -const-gather-protocols-file -Xfrontend /Users/user22/Library/Developer/Xcode/DerivedData/Dialysis_One_App-birxnlmksgtzxngoweahpklsdoui/Build/Intermediates.noindex/Dialysis\ One\ App.build/Debug-watchsimulator/DialysisOneWatch\ Watch\ App.build/Objects-normal/arm64/DialysisOneWatch\ Watch\ App_const_extract_protocols.json -Xcc -iquote -Xcc /Users/user22/Library/Developer/Xcode/DerivedData/Dialysis_One_App-birxnlmksgtzxngoweahpklsdoui/Build/Intermediates.noindex/Dialysis\ One\ App.build/Debug-watchsimulator/DialysisOneWatch\ Watch\ App.build/DialysisOneWatch\ Watch\ App-generated-files.hmap -Xcc -I/Users/user22/Library/Developer/Xcode/DerivedData/Dialysis_One_App-birxnlmksgtzxngoweahpklsdoui/Build/Intermediates.noindex/Dialysis\ One\ App.build/Debug-watchsimulator/DialysisOneWatch\ Watch\ App.build/DialysisOneWatch\ Watch\ App-own-target-headers.hmap -Xcc -I/Users/user22/Library/Developer/Xcode/DerivedData/Dialysis_One_App-birxnlmksgtzxngoweahpklsdoui/Build/Intermediates.noindex/Dialysis\ One\ App.build/Debug-watchsimulator/DialysisOneWatch\ Watch\ App.build/DialysisOneWatch\ Watch\ App-all-non-framework-target-headers.hmap -Xcc -ivfsoverlay -Xcc /Users/user22/Library/Developer/Xcode/DerivedData/Dialysis_One_App-birxnlmksgtzxngoweahpklsdoui/Build/Intermediates.noindex/Dialysis\ One\ App.build/Debug-watchsimulator/Dialysis\ One\ App-de0548e19261940bf43884b890bbf095-VFS-watchsimulator/all-product-headers.yaml -Xcc -iquote -Xcc /Users/user22/Library/Developer/Xcode/DerivedData/Dialysis_One_App-birxnlmksgtzxngoweahpklsdoui/Build/Intermediates.noindex/Dialysis\ One\ App.build/Debug-watchsimulator/DialysisOneWatch\ Watch\ App.build/DialysisOneWatch\ Watch\ App-project-headers.hmap -Xcc -I/Users/user22/Library/Developer/Xcode/DerivedData/Dialysis_One_App-birxnlmksgtzxngoweahpklsdoui/Build/Products/Debug-watchsimulator/include -Xcc -I/Users/user22/Library/Developer/Xcode/DerivedData/Dialysis_One_App-birxnlmksgtzxngoweahpklsdoui/Build/Intermediates.noindex/Dialysis\ One\ App.build/Debug-watchsimulator/DialysisOneWatch\ Watch\ App.build/DerivedSources-normal/arm64 -Xcc -I/Users/user22/Library/Developer/Xcode/DerivedData/Dialysis_One_App-birxnlmksgtzxngoweahpklsdoui/Build/Intermediates.noindex/Dialysis\ One\ App.build/Debug-watchsimulator/DialysisOneWatch\ Watch\ App.build/DerivedSources/arm64 -Xcc -I/Users/user22/Library/Developer/Xcode/DerivedData/Dialysis_One_App-birxnlmksgtzxngoweahpklsdoui/Build/Intermediates.noindex/Dialysis\ One\ App.build/Debug-watchsimulator/DialysisOneWatch\ Watch\ App.build/DerivedSources -Xcc -DDEBUG\=1 -emit-objc-header -emit-objc-header-path /Users/user22/Library/Developer/Xcode/DerivedData/Dialysis_One_App-birxnlmksgtzxngoweahpklsdoui/Build/Intermediates.noindex/Dialysis\ One\ App.build/Debug-watchsimulator/DialysisOneWatch\ Watch\ App.build/Objects-normal/arm64/DialysisOneWatch_Watch_App-Swift.h -working-directory /Users/user22/Desktop/Dialysis\ One\ App -experimental-emit-module-separately -disable-cmo
/Users/user22/Desktop/Dialysis One App/DialysisOneWatch Watch App/SummaryCard.swift:179:1: error: expected '}' in struct

^
/Users/user22/Desktop/Dialysis One App/DialysisOneWatch Watch App/SummaryCard.swift:45:23: note: to match this opening '{'
struct HomeView: View {
                      ^
/Users/user22/Desktop/Dialysis One App/DialysisOneWatch Watch App/SummaryCard.swift:179:1: error: Expected '}' in struct

^ (in target 'DialysisOneWatch Watch App' from project 'Dialysis One App')
/Users/user22/Desktop/Dialysis One App/DialysisOneWatch Watch App/SummaryCard.swift:45:23: note: To match this opening '{'
struct HomeView: View {
                      ^ (in target 'DialysisOneWatch Watch App' from project 'Dialysis One App')

** BUILD FAILED **


The following build commands failed:
	SwiftDriver DialysisOneWatch\ Watch\ App normal arm64 com.apple.xcode.tools.swift.compiler (in target 'DialysisOneWatch Watch App' from project 'Dialysis One App')
	Building project Dialysis One App with scheme DialysisOneWatch Watch App
(2 failures)
